info: ::1 - - [17/Oct/2024:03:30:22 +0000] "POST /api/v1/register HTTP/1.1" 404 47 "-" "PostmanRuntime/7.42.0"

info: ::1 - - [17/Oct/2024:03:33:12 +0000] "POST /api/v1/register HTTP/1.1" 500 217 "-" "PostmanRuntime/7.42.0"

info: ::1 - - [17/Oct/2024:03:34:44 +0000] "POST /api/v1/register HTTP/1.1" 201 265 "-" "PostmanRuntime/7.42.0"

info: ::1 - - [17/Oct/2024:03:34:56 +0000] "POST /api/v1/login HTTP/1.1" 200 30 "-" "PostmanRuntime/7.42.0"

info: ::1 - - [17/Oct/2024:03:51:02 +0000] "POST /api/v1/login HTTP/1.1" 401 28 "-" "PostmanRuntime/7.42.0"

info: ::1 - - [17/Oct/2024:03:51:13 +0000] "POST /api/v1/register HTTP/1.1" 500 61 "-" "PostmanRuntime/7.42.0"

info: ::1 - - [17/Oct/2024:03:51:24 +0000] "POST /api/v1/ragister HTTP/1.1" 404 47 "-" "PostmanRuntime/7.42.0"

info: ::1 - - [17/Oct/2024:03:51:41 +0000] "POST /api/v1/registar HTTP/1.1" 404 47 "-" "PostmanRuntime/7.42.0"

info: ::1 - - [17/Oct/2024:03:52:14 +0000] "POST /api/v1/register HTTP/1.1" 500 61 "-" "PostmanRuntime/7.42.0"

info: ::1 - - [17/Oct/2024:03:52:48 +0000] "POST /api/v1/login HTTP/1.1" 401 28 "-" "PostmanRuntime/7.42.0"

info: ::1 - - [17/Oct/2024:03:52:58 +0000] "POST /api/v1/register HTTP/1.1" 500 61 "-" "PostmanRuntime/7.42.0"

info: ::1 - - [17/Oct/2024:03:54:00 +0000] "POST /api/v1/register HTTP/1.1" 500 61 "-" "PostmanRuntime/7.42.0"

info: ::1 - - [17/Oct/2024:03:55:44 +0000] "POST /api/v1/login HTTP/1.1" 401 28 "-" "PostmanRuntime/7.42.0"

info: ::1 - - [17/Oct/2024:03:56:29 +0000] "POST /api/v1/user/login HTTP/1.1" 401 28 "-" "PostmanRuntime/7.42.0"

info: ::1 - - [17/Oct/2024:03:56:39 +0000] "POST /api/v1/user/register HTTP/1.1" 500 61 "-" "PostmanRuntime/7.42.0"

info: ::1 - - [17/Oct/2024:03:57:07 +0000] "POST /api/v1/user/register HTTP/1.1" 500 61 "-" "PostmanRuntime/7.42.0"

info: ::1 - - [17/Oct/2024:03:58:53 +0000] "POST /api/v1/users/register HTTP/1.1" 500 61 "-" "PostmanRuntime/7.42.0"

info: ::1 - - [17/Oct/2024:03:59:49 +0000] "POST /api/v1/users/register HTTP/1.1" 500 61 "-" "PostmanRuntime/7.42.0"

info: ::1 - - [17/Oct/2024:04:00:17 +0000] "POST /api/v1/users/register HTTP/1.1" 500 61 "-" "PostmanRuntime/7.42.0"

info: ::1 - - [17/Oct/2024:04:01:38 +0000] "POST /api/v1/users/login HTTP/1.1" 401 28 "-" "PostmanRuntime/7.42.0"

info: ::1 - - [17/Oct/2024:04:01:48 +0000] "POST /api/v1/users/register HTTP/1.1" 500 61 "-" "PostmanRuntime/7.42.0"

info: ::1 - - [17/Oct/2024:04:02:33 +0000] "POST /api/v1/register HTTP/1.1" 404 47 "-" "PostmanRuntime/7.42.0"

info: ::1 - - [17/Oct/2024:04:02:42 +0000] "POST /api/v1/login HTTP/1.1" 404 47 "-" "PostmanRuntime/7.42.0"

info: ::1 - - [17/Oct/2024:04:02:49 +0000] "POST /api/v1/ HTTP/1.1" 404 47 "-" "PostmanRuntime/7.42.0"

info: ::1 - - [17/Oct/2024:04:03:26 +0000] "GET /api/v1/ HTTP/1.1" 200 22 "-" "PostmanRuntime/7.42.0"

info: ::1 - - [17/Oct/2024:04:03:59 +0000] "GET /api/v1/users/login HTTP/1.1" 404 47 "-" "PostmanRuntime/7.42.0"

info: ::1 - - [17/Oct/2024:06:10:05 +0000] "POST /api/v1/users/login HTTP/1.1" 401 28 "-" "PostmanRuntime/7.42.0"

info: ::1 - - [17/Oct/2024:06:10:22 +0000] "POST /api/v1/users/register HTTP/1.1" 500 61 "-" "PostmanRuntime/7.42.0"

info: ::1 - - [17/Oct/2024:06:14:40 +0000] "POST /api/v1/users/register HTTP/1.1" 201 268 "-" "PostmanRuntime/7.42.0"

info: ::1 - - [17/Oct/2024:06:14:56 +0000] "POST /api/v1/users/login HTTP/1.1" 200 30 "-" "PostmanRuntime/7.42.0"

info: ::1 - - [17/Oct/2024:06:15:16 +0000] "GET /api/v1/users/ HTTP/1.1" 404 47 "-" "PostmanRuntime/7.42.0"

info: ::1 - - [17/Oct/2024:06:15:22 +0000] "GET /api/v1/ HTTP/1.1" 200 22 "-" "PostmanRuntime/7.42.0"

