info: Server started at http://localhost:3000/api/v1/ {"timestamp":"2024-10-17T03:29:57.846Z"}
info: Connected to the database. {"timestamp":"2024-10-17T03:29:57.935Z"}
info: Server started at http://localhost:3000/api/v1/ {"timestamp":"2024-10-17T03:32:56.206Z"}
info: Connected to the database. {"timestamp":"2024-10-17T03:32:56.279Z"}
error: 
    status - 500 
    message - ValidationError: User validation failed: Password: Path `Password` is required., Email: Path `Email` is required., Last_Name: Path `Last_Name` is required., First_Name: Path `First_Name` is required.
    at model.Document.invalidate (C:\Users\admin\Desktop\ExpreeJs\FundoNotes\node_modules\mongoose\lib\document.js:2788:32)
    at C:\Users\admin\Desktop\ExpreeJs\FundoNotes\node_modules\mongoose\lib\document.js:2580:17
    at C:\Users\admin\Desktop\ExpreeJs\FundoNotes\node_modules\mongoose\lib\schematype.js:1273:9
    at processTicksAndRejections (node:internal/process/task_queues:77:11) 
    url - /api/v1/register 
    method - POST 
    IP - ::1
   {"timestamp":"2024-10-17T03:33:12.387Z"}
error: 
      status - 11000
      message - E11000 duplicate key error collection: FundoNote.users index: email_1 dup key: { email: null } 
      url - /api/v1/register 
      method - POST 
      IP - ::1
     {"timestamp":"2024-10-17T03:51:12.955Z"}
error: 
    status - 500 
    message - RangeError: Invalid status code: 11000
    at ServerResponse.writeHead (node:_http_server:352:11)
    at ServerResponse.writeHead (C:\Users\admin\Desktop\ExpreeJs\FundoNotes\node_modules\on-headers\index.js:44:26)
    at ServerResponse._implicitHeader (node:_http_server:338:8)
    at write_ (node:_http_outgoing:945:9)
    at ServerResponse.end (node:_http_outgoing:1056:5)
    at ServerResponse.send (C:\Users\admin\Desktop\ExpreeJs\FundoNotes\node_modules\express\lib\response.js:232:10)
    at ServerResponse.json (C:\Users\admin\Desktop\ExpreeJs\FundoNotes\node_modules\express\lib\response.js:278:15)
    at appErrorHandler (C:\Users\admin\Desktop\ExpreeJs\FundoNotes\src\middlewares\/error.middleware.js:36:26)
    at Layer.handle_error (C:\Users\admin\Desktop\ExpreeJs\FundoNotes\node_modules\express\lib\router\layer.js:71:5)
    at trim_prefix (C:\Users\admin\Desktop\ExpreeJs\FundoNotes\node_modules\express\lib\router\index.js:326:13)
    at C:\Users\admin\Desktop\ExpreeJs\FundoNotes\node_modules\express\lib\router\index.js:286:9
    at Function.process_params (C:\Users\admin\Desktop\ExpreeJs\FundoNotes\node_modules\express\lib\router\index.js:346:12)
    at Immediate.next (C:\Users\admin\Desktop\ExpreeJs\FundoNotes\node_modules\express\lib\router\index.js:280:10)
    at Immediate._onImmediate (C:\Users\admin\Desktop\ExpreeJs\FundoNotes\node_modules\express\lib\router\index.js:646:15)
    at processImmediate (node:internal/timers:485:21) 
    url - /api/v1/register 
    method - POST 
    IP - ::1
   {"timestamp":"2024-10-17T03:51:13.013Z"}
error: 
      status - 11000
      message - E11000 duplicate key error collection: FundoNote.users index: email_1 dup key: { email: null } 
      url - /api/v1/register 
      method - POST 
      IP - ::1
     {"timestamp":"2024-10-17T03:52:14.288Z"}
error: 
    status - 500 
    message - RangeError: Invalid status code: 11000
    at ServerResponse.writeHead (node:_http_server:352:11)
    at ServerResponse.writeHead (C:\Users\admin\Desktop\ExpreeJs\FundoNotes\node_modules\on-headers\index.js:44:26)
    at ServerResponse._implicitHeader (node:_http_server:338:8)
    at write_ (node:_http_outgoing:945:9)
    at ServerResponse.end (node:_http_outgoing:1056:5)
    at ServerResponse.send (C:\Users\admin\Desktop\ExpreeJs\FundoNotes\node_modules\express\lib\response.js:232:10)
    at ServerResponse.json (C:\Users\admin\Desktop\ExpreeJs\FundoNotes\node_modules\express\lib\response.js:278:15)
    at appErrorHandler (C:\Users\admin\Desktop\ExpreeJs\FundoNotes\src\middlewares\/error.middleware.js:36:26)
    at Layer.handle_error (C:\Users\admin\Desktop\ExpreeJs\FundoNotes\node_modules\express\lib\router\layer.js:71:5)
    at trim_prefix (C:\Users\admin\Desktop\ExpreeJs\FundoNotes\node_modules\express\lib\router\index.js:326:13)
    at C:\Users\admin\Desktop\ExpreeJs\FundoNotes\node_modules\express\lib\router\index.js:286:9
    at Function.process_params (C:\Users\admin\Desktop\ExpreeJs\FundoNotes\node_modules\express\lib\router\index.js:346:12)
    at Immediate.next (C:\Users\admin\Desktop\ExpreeJs\FundoNotes\node_modules\express\lib\router\index.js:280:10)
    at Immediate._onImmediate (C:\Users\admin\Desktop\ExpreeJs\FundoNotes\node_modules\express\lib\router\index.js:646:15)
    at processImmediate (node:internal/timers:485:21) 
    url - /api/v1/register 
    method - POST 
    IP - ::1
   {"timestamp":"2024-10-17T03:52:14.301Z"}
info: Server started at http://localhost:3000/api/v1/ {"timestamp":"2024-10-17T03:52:39.304Z"}
info: Connected to the database. {"timestamp":"2024-10-17T03:52:39.403Z"}
error: 
      status - 11000
      message - E11000 duplicate key error collection: FundoNote.users index: email_1 dup key: { email: null } 
      url - /api/v1/register 
      method - POST 
      IP - ::1
     {"timestamp":"2024-10-17T03:52:58.265Z"}
error: 
    status - 500 
    message - RangeError: Invalid status code: 11000
    at ServerResponse.writeHead (node:_http_server:352:11)
    at ServerResponse.writeHead (C:\Users\admin\Desktop\ExpreeJs\FundoNotes\node_modules\on-headers\index.js:44:26)
    at ServerResponse._implicitHeader (node:_http_server:338:8)
    at write_ (node:_http_outgoing:945:9)
    at ServerResponse.end (node:_http_outgoing:1056:5)
    at ServerResponse.send (C:\Users\admin\Desktop\ExpreeJs\FundoNotes\node_modules\express\lib\response.js:232:10)
    at ServerResponse.json (C:\Users\admin\Desktop\ExpreeJs\FundoNotes\node_modules\express\lib\response.js:278:15)
    at appErrorHandler (C:\Users\admin\Desktop\ExpreeJs\FundoNotes\src\middlewares\/error.middleware.js:36:26)
    at Layer.handle_error (C:\Users\admin\Desktop\ExpreeJs\FundoNotes\node_modules\express\lib\router\layer.js:71:5)
    at trim_prefix (C:\Users\admin\Desktop\ExpreeJs\FundoNotes\node_modules\express\lib\router\index.js:326:13)
    at C:\Users\admin\Desktop\ExpreeJs\FundoNotes\node_modules\express\lib\router\index.js:286:9
    at Function.process_params (C:\Users\admin\Desktop\ExpreeJs\FundoNotes\node_modules\express\lib\router\index.js:346:12)
    at Immediate.next (C:\Users\admin\Desktop\ExpreeJs\FundoNotes\node_modules\express\lib\router\index.js:280:10)
    at Immediate._onImmediate (C:\Users\admin\Desktop\ExpreeJs\FundoNotes\node_modules\express\lib\router\index.js:646:15)
    at processImmediate (node:internal/timers:485:21) 
    url - /api/v1/register 
    method - POST 
    IP - ::1
   {"timestamp":"2024-10-17T03:52:58.281Z"}
error: 
      status - 11000
      message - E11000 duplicate key error collection: FundoNote.users index: email_1 dup key: { email: null } 
      url - /api/v1/register 
      method - POST 
      IP - ::1
     {"timestamp":"2024-10-17T03:54:00.924Z"}
error: 
    status - 500 
    message - RangeError: Invalid status code: 11000
    at ServerResponse.writeHead (node:_http_server:352:11)
    at ServerResponse.writeHead (C:\Users\admin\Desktop\ExpreeJs\FundoNotes\node_modules\on-headers\index.js:44:26)
    at ServerResponse._implicitHeader (node:_http_server:338:8)
    at write_ (node:_http_outgoing:945:9)
    at ServerResponse.end (node:_http_outgoing:1056:5)
    at ServerResponse.send (C:\Users\admin\Desktop\ExpreeJs\FundoNotes\node_modules\express\lib\response.js:232:10)
    at ServerResponse.json (C:\Users\admin\Desktop\ExpreeJs\FundoNotes\node_modules\express\lib\response.js:278:15)
    at appErrorHandler (C:\Users\admin\Desktop\ExpreeJs\FundoNotes\src\middlewares\/error.middleware.js:36:26)
    at Layer.handle_error (C:\Users\admin\Desktop\ExpreeJs\FundoNotes\node_modules\express\lib\router\layer.js:71:5)
    at trim_prefix (C:\Users\admin\Desktop\ExpreeJs\FundoNotes\node_modules\express\lib\router\index.js:326:13)
    at C:\Users\admin\Desktop\ExpreeJs\FundoNotes\node_modules\express\lib\router\index.js:286:9
    at Function.process_params (C:\Users\admin\Desktop\ExpreeJs\FundoNotes\node_modules\express\lib\router\index.js:346:12)
    at Immediate.next (C:\Users\admin\Desktop\ExpreeJs\FundoNotes\node_modules\express\lib\router\index.js:280:10)
    at Immediate._onImmediate (C:\Users\admin\Desktop\ExpreeJs\FundoNotes\node_modules\express\lib\router\index.js:646:15)
    at processImmediate (node:internal/timers:485:21) 
    url - /api/v1/register 
    method - POST 
    IP - ::1
   {"timestamp":"2024-10-17T03:54:00.932Z"}
info: Server started at http://localhost:3000/api/v1/ {"timestamp":"2024-10-17T03:55:18.102Z"}
info: Connected to the database. {"timestamp":"2024-10-17T03:55:18.172Z"}
info: Server started at http://localhost:3000/api/v1/ {"timestamp":"2024-10-17T03:56:21.857Z"}
info: Connected to the database. {"timestamp":"2024-10-17T03:56:21.956Z"}
error: 
      status - 11000
      message - E11000 duplicate key error collection: FundoNote.users index: email_1 dup key: { email: null } 
      url - /api/v1/user/register 
      method - POST 
      IP - ::1
     {"timestamp":"2024-10-17T03:56:39.123Z"}
error: 
    status - 500 
    message - RangeError: Invalid status code: 11000
    at ServerResponse.writeHead (node:_http_server:352:11)
    at ServerResponse.writeHead (C:\Users\admin\Desktop\ExpreeJs\FundoNotes\node_modules\on-headers\index.js:44:26)
    at ServerResponse._implicitHeader (node:_http_server:338:8)
    at write_ (node:_http_outgoing:945:9)
    at ServerResponse.end (node:_http_outgoing:1056:5)
    at ServerResponse.send (C:\Users\admin\Desktop\ExpreeJs\FundoNotes\node_modules\express\lib\response.js:232:10)
    at ServerResponse.json (C:\Users\admin\Desktop\ExpreeJs\FundoNotes\node_modules\express\lib\response.js:278:15)
    at appErrorHandler (C:\Users\admin\Desktop\ExpreeJs\FundoNotes\src\middlewares\/error.middleware.js:36:26)
    at Layer.handle_error (C:\Users\admin\Desktop\ExpreeJs\FundoNotes\node_modules\express\lib\router\layer.js:71:5)
    at trim_prefix (C:\Users\admin\Desktop\ExpreeJs\FundoNotes\node_modules\express\lib\router\index.js:326:13)
    at C:\Users\admin\Desktop\ExpreeJs\FundoNotes\node_modules\express\lib\router\index.js:286:9
    at Function.process_params (C:\Users\admin\Desktop\ExpreeJs\FundoNotes\node_modules\express\lib\router\index.js:346:12)
    at Immediate.next (C:\Users\admin\Desktop\ExpreeJs\FundoNotes\node_modules\express\lib\router\index.js:280:10)
    at Immediate._onImmediate (C:\Users\admin\Desktop\ExpreeJs\FundoNotes\node_modules\express\lib\router\index.js:646:15)
    at processImmediate (node:internal/timers:485:21) 
    url - /api/v1/user/register 
    method - POST 
    IP - ::1
   {"timestamp":"2024-10-17T03:56:39.138Z"}
error: 
      status - 11000
      message - E11000 duplicate key error collection: FundoNote.users index: email_1 dup key: { email: null } 
      url - /api/v1/user/register 
      method - POST 
      IP - ::1
     {"timestamp":"2024-10-17T03:57:07.617Z"}
error: 
    status - 500 
    message - RangeError: Invalid status code: 11000
    at ServerResponse.writeHead (node:_http_server:352:11)
    at ServerResponse.writeHead (C:\Users\admin\Desktop\ExpreeJs\FundoNotes\node_modules\on-headers\index.js:44:26)
    at ServerResponse._implicitHeader (node:_http_server:338:8)
    at write_ (node:_http_outgoing:945:9)
    at ServerResponse.end (node:_http_outgoing:1056:5)
    at ServerResponse.send (C:\Users\admin\Desktop\ExpreeJs\FundoNotes\node_modules\express\lib\response.js:232:10)
    at ServerResponse.json (C:\Users\admin\Desktop\ExpreeJs\FundoNotes\node_modules\express\lib\response.js:278:15)
    at appErrorHandler (C:\Users\admin\Desktop\ExpreeJs\FundoNotes\src\middlewares\/error.middleware.js:36:26)
    at Layer.handle_error (C:\Users\admin\Desktop\ExpreeJs\FundoNotes\node_modules\express\lib\router\layer.js:71:5)
    at trim_prefix (C:\Users\admin\Desktop\ExpreeJs\FundoNotes\node_modules\express\lib\router\index.js:326:13)
    at C:\Users\admin\Desktop\ExpreeJs\FundoNotes\node_modules\express\lib\router\index.js:286:9
    at Function.process_params (C:\Users\admin\Desktop\ExpreeJs\FundoNotes\node_modules\express\lib\router\index.js:346:12)
    at Immediate.next (C:\Users\admin\Desktop\ExpreeJs\FundoNotes\node_modules\express\lib\router\index.js:280:10)
    at Immediate._onImmediate (C:\Users\admin\Desktop\ExpreeJs\FundoNotes\node_modules\express\lib\router\index.js:646:15)
    at processImmediate (node:internal/timers:485:21) 
    url - /api/v1/user/register 
    method - POST 
    IP - ::1
   {"timestamp":"2024-10-17T03:57:07.629Z"}
info: Server started at http://localhost:3000/api/v1/ {"timestamp":"2024-10-17T03:58:38.891Z"}
info: Connected to the database. {"timestamp":"2024-10-17T03:58:38.972Z"}
error: 
      status - 11000
      message - E11000 duplicate key error collection: FundoNote.users index: email_1 dup key: { email: null } 
      url - /api/v1/users/register 
      method - POST 
      IP - ::1
     {"timestamp":"2024-10-17T03:58:53.824Z"}
error: 
    status - 500 
    message - RangeError: Invalid status code: 11000
    at ServerResponse.writeHead (node:_http_server:352:11)
    at ServerResponse.writeHead (C:\Users\admin\Desktop\ExpreeJs\FundoNotes\node_modules\on-headers\index.js:44:26)
    at ServerResponse._implicitHeader (node:_http_server:338:8)
    at write_ (node:_http_outgoing:945:9)
    at ServerResponse.end (node:_http_outgoing:1056:5)
    at ServerResponse.send (C:\Users\admin\Desktop\ExpreeJs\FundoNotes\node_modules\express\lib\response.js:232:10)
    at ServerResponse.json (C:\Users\admin\Desktop\ExpreeJs\FundoNotes\node_modules\express\lib\response.js:278:15)
    at appErrorHandler (C:\Users\admin\Desktop\ExpreeJs\FundoNotes\src\middlewares\/error.middleware.js:36:26)
    at Layer.handle_error (C:\Users\admin\Desktop\ExpreeJs\FundoNotes\node_modules\express\lib\router\layer.js:71:5)
    at trim_prefix (C:\Users\admin\Desktop\ExpreeJs\FundoNotes\node_modules\express\lib\router\index.js:326:13)
    at C:\Users\admin\Desktop\ExpreeJs\FundoNotes\node_modules\express\lib\router\index.js:286:9
    at Function.process_params (C:\Users\admin\Desktop\ExpreeJs\FundoNotes\node_modules\express\lib\router\index.js:346:12)
    at Immediate.next (C:\Users\admin\Desktop\ExpreeJs\FundoNotes\node_modules\express\lib\router\index.js:280:10)
    at Immediate._onImmediate (C:\Users\admin\Desktop\ExpreeJs\FundoNotes\node_modules\express\lib\router\index.js:646:15)
    at processImmediate (node:internal/timers:485:21) 
    url - /api/v1/users/register 
    method - POST 
    IP - ::1
   {"timestamp":"2024-10-17T03:58:53.838Z"}
error: 
      status - 11000
      message - E11000 duplicate key error collection: FundoNote.users index: email_1 dup key: { email: null } 
      url - /api/v1/users/register 
      method - POST 
      IP - ::1
     {"timestamp":"2024-10-17T03:59:49.026Z"}
error: 
    status - 500 
    message - RangeError: Invalid status code: 11000
    at ServerResponse.writeHead (node:_http_server:352:11)
    at ServerResponse.writeHead (C:\Users\admin\Desktop\ExpreeJs\FundoNotes\node_modules\on-headers\index.js:44:26)
    at ServerResponse._implicitHeader (node:_http_server:338:8)
    at write_ (node:_http_outgoing:945:9)
    at ServerResponse.end (node:_http_outgoing:1056:5)
    at ServerResponse.send (C:\Users\admin\Desktop\ExpreeJs\FundoNotes\node_modules\express\lib\response.js:232:10)
    at ServerResponse.json (C:\Users\admin\Desktop\ExpreeJs\FundoNotes\node_modules\express\lib\response.js:278:15)
    at appErrorHandler (C:\Users\admin\Desktop\ExpreeJs\FundoNotes\src\middlewares\/error.middleware.js:36:26)
    at Layer.handle_error (C:\Users\admin\Desktop\ExpreeJs\FundoNotes\node_modules\express\lib\router\layer.js:71:5)
    at trim_prefix (C:\Users\admin\Desktop\ExpreeJs\FundoNotes\node_modules\express\lib\router\index.js:326:13)
    at C:\Users\admin\Desktop\ExpreeJs\FundoNotes\node_modules\express\lib\router\index.js:286:9
    at Function.process_params (C:\Users\admin\Desktop\ExpreeJs\FundoNotes\node_modules\express\lib\router\index.js:346:12)
    at Immediate.next (C:\Users\admin\Desktop\ExpreeJs\FundoNotes\node_modules\express\lib\router\index.js:280:10)
    at Immediate._onImmediate (C:\Users\admin\Desktop\ExpreeJs\FundoNotes\node_modules\express\lib\router\index.js:646:15)
    at processImmediate (node:internal/timers:485:21) 
    url - /api/v1/users/register 
    method - POST 
    IP - ::1
   {"timestamp":"2024-10-17T03:59:49.033Z"}
info: Server started at http://localhost:3000/api/v1/ {"timestamp":"2024-10-17T04:00:04.993Z"}
info: Connected to the database. {"timestamp":"2024-10-17T04:00:05.075Z"}
error: 
      status - 11000
      message - E11000 duplicate key error collection: FundoNote.users index: email_1 dup key: { email: null } 
      url - /api/v1/users/register 
      method - POST 
      IP - ::1
     {"timestamp":"2024-10-17T04:00:17.870Z"}
error: 
    status - 500 
    message - RangeError: Invalid status code: 11000
    at ServerResponse.writeHead (node:_http_server:352:11)
    at ServerResponse.writeHead (C:\Users\admin\Desktop\ExpreeJs\FundoNotes\node_modules\on-headers\index.js:44:26)
    at ServerResponse._implicitHeader (node:_http_server:338:8)
    at write_ (node:_http_outgoing:945:9)
    at ServerResponse.end (node:_http_outgoing:1056:5)
    at ServerResponse.send (C:\Users\admin\Desktop\ExpreeJs\FundoNotes\node_modules\express\lib\response.js:232:10)
    at ServerResponse.json (C:\Users\admin\Desktop\ExpreeJs\FundoNotes\node_modules\express\lib\response.js:278:15)
    at appErrorHandler (C:\Users\admin\Desktop\ExpreeJs\FundoNotes\src\middlewares\/error.middleware.js:36:26)
    at Layer.handle_error (C:\Users\admin\Desktop\ExpreeJs\FundoNotes\node_modules\express\lib\router\layer.js:71:5)
    at trim_prefix (C:\Users\admin\Desktop\ExpreeJs\FundoNotes\node_modules\express\lib\router\index.js:326:13)
    at C:\Users\admin\Desktop\ExpreeJs\FundoNotes\node_modules\express\lib\router\index.js:286:9
    at Function.process_params (C:\Users\admin\Desktop\ExpreeJs\FundoNotes\node_modules\express\lib\router\index.js:346:12)
    at Immediate.next (C:\Users\admin\Desktop\ExpreeJs\FundoNotes\node_modules\express\lib\router\index.js:280:10)
    at Immediate._onImmediate (C:\Users\admin\Desktop\ExpreeJs\FundoNotes\node_modules\express\lib\router\index.js:646:15)
    at processImmediate (node:internal/timers:485:21) 
    url - /api/v1/users/register 
    method - POST 
    IP - ::1
   {"timestamp":"2024-10-17T04:00:17.887Z"}
info: Server started at http://localhost:3000/api/v1/ {"timestamp":"2024-10-17T04:01:27.152Z"}
info: Connected to the database. {"timestamp":"2024-10-17T04:01:27.229Z"}
error: 
      status - 11000
      message - E11000 duplicate key error collection: FundoNote.users index: email_1 dup key: { email: null } 
      url - /api/v1/users/register 
      method - POST 
      IP - ::1
     {"timestamp":"2024-10-17T04:01:48.284Z"}
error: 
    status - 500 
    message - RangeError: Invalid status code: 11000
    at ServerResponse.writeHead (node:_http_server:352:11)
    at ServerResponse.writeHead (C:\Users\admin\Desktop\ExpreeJs\FundoNotes\node_modules\on-headers\index.js:44:26)
    at ServerResponse._implicitHeader (node:_http_server:338:8)
    at write_ (node:_http_outgoing:945:9)
    at ServerResponse.end (node:_http_outgoing:1056:5)
    at ServerResponse.send (C:\Users\admin\Desktop\ExpreeJs\FundoNotes\node_modules\express\lib\response.js:232:10)
    at ServerResponse.json (C:\Users\admin\Desktop\ExpreeJs\FundoNotes\node_modules\express\lib\response.js:278:15)
    at appErrorHandler (C:\Users\admin\Desktop\ExpreeJs\FundoNotes\src\middlewares\/error.middleware.js:36:26)
    at Layer.handle_error (C:\Users\admin\Desktop\ExpreeJs\FundoNotes\node_modules\express\lib\router\layer.js:71:5)
    at trim_prefix (C:\Users\admin\Desktop\ExpreeJs\FundoNotes\node_modules\express\lib\router\index.js:326:13)
    at C:\Users\admin\Desktop\ExpreeJs\FundoNotes\node_modules\express\lib\router\index.js:286:9
    at Function.process_params (C:\Users\admin\Desktop\ExpreeJs\FundoNotes\node_modules\express\lib\router\index.js:346:12)
    at Immediate.next (C:\Users\admin\Desktop\ExpreeJs\FundoNotes\node_modules\express\lib\router\index.js:280:10)
    at Immediate._onImmediate (C:\Users\admin\Desktop\ExpreeJs\FundoNotes\node_modules\express\lib\router\index.js:646:15)
    at processImmediate (node:internal/timers:485:21) 
    url - /api/v1/users/register 
    method - POST 
    IP - ::1
   {"timestamp":"2024-10-17T04:01:48.302Z"}
info: Server started at http://localhost:3000/api/v1/ {"timestamp":"2024-10-17T06:09:44.861Z"}
info: Connected to the database. {"timestamp":"2024-10-17T06:09:44.970Z"}
error: 
      status - 11000
      message - E11000 duplicate key error collection: FundoNote.users index: email_1 dup key: { email: null } 
      url - /api/v1/users/register 
      method - POST 
      IP - ::1
     {"timestamp":"2024-10-17T06:10:22.111Z"}
error: 
    status - 500 
    message - RangeError: Invalid status code: 11000
    at ServerResponse.writeHead (node:_http_server:352:11)
    at ServerResponse.writeHead (C:\Users\admin\Desktop\ExpreeJs\FundoNotes\node_modules\on-headers\index.js:44:26)
    at ServerResponse._implicitHeader (node:_http_server:338:8)
    at write_ (node:_http_outgoing:945:9)
    at ServerResponse.end (node:_http_outgoing:1056:5)
    at ServerResponse.send (C:\Users\admin\Desktop\ExpreeJs\FundoNotes\node_modules\express\lib\response.js:232:10)
    at ServerResponse.json (C:\Users\admin\Desktop\ExpreeJs\FundoNotes\node_modules\express\lib\response.js:278:15)
    at appErrorHandler (C:\Users\admin\Desktop\ExpreeJs\FundoNotes\src\middlewares\/error.middleware.js:36:26)
    at Layer.handle_error (C:\Users\admin\Desktop\ExpreeJs\FundoNotes\node_modules\express\lib\router\layer.js:71:5)
    at trim_prefix (C:\Users\admin\Desktop\ExpreeJs\FundoNotes\node_modules\express\lib\router\index.js:326:13)
    at C:\Users\admin\Desktop\ExpreeJs\FundoNotes\node_modules\express\lib\router\index.js:286:9
    at Function.process_params (C:\Users\admin\Desktop\ExpreeJs\FundoNotes\node_modules\express\lib\router\index.js:346:12)
    at Immediate.next (C:\Users\admin\Desktop\ExpreeJs\FundoNotes\node_modules\express\lib\router\index.js:280:10)
    at Immediate._onImmediate (C:\Users\admin\Desktop\ExpreeJs\FundoNotes\node_modules\express\lib\router\index.js:646:15)
    at processImmediate (node:internal/timers:485:21) 
    url - /api/v1/users/register 
    method - POST 
    IP - ::1
   {"timestamp":"2024-10-17T06:10:22.126Z"}
