error: uncaughtException: Cannot read properties of undefined (reading 'method')
TypeError: Cannot read properties of undefined (reading 'method')
    at Function.handle (C:\Users\admin\Desktop\ExpreeJs\FundoNotes\node_modules\express\lib\router\index.js:139:34)
    at router (C:\Users\admin\Desktop\ExpreeJs\FundoNotes\node_modules\express\lib\router\index.js:47:12)
    at Object.<anonymous> (C:\Users\admin\Desktop\ExpreeJs\FundoNotes\src\/index.js:32:38)
    at Module._compile (node:internal/modules/cjs/loader:1469:14)
    at Module._compile (C:\Users\admin\Desktop\ExpreeJs\FundoNotes\node_modules\pirates\lib\index.js:117:24)
    at Module._extensions..js (node:internal/modules/cjs/loader:1548:10)
    at Object.newLoader [as .js] (C:\Users\admin\Desktop\ExpreeJs\FundoNotes\node_modules\pirates\lib\index.js:121:7)
    at Module.load (node:internal/modules/cjs/loader:1288:32)
    at Function.Module._load (node:internal/modules/cjs/loader:1104:12)
    at Function.runMain (node:internal/modules/run_main:174:12)
    at Object.<anonymous> (C:\Users\admin\Desktop\ExpreeJs\FundoNotes\node_modules\@babel\node\src\_babel-node.ts:159:12)
    at Module._compile (node:internal/modules/cjs/loader:1469:14)
    at Object.Module._extensions..js (node:internal/modules/cjs/loader:1548:10)
    at Module.load (node:internal/modules/cjs/loader:1288:32)
    at Function.Module._load (node:internal/modules/cjs/loader:1104:12)
    at Function.executeUserEntryPoint [as runMain] (node:internal/modules/run_main:174:12)
    at node:internal/main/run_main_module:28:49 {"date":"Wed Oct 16 2024 16:24:50 GMT+0530 (India Standard Time)","error":{},"exception":true,"os":{"loadavg":[0,0,0],"uptime":185887},"process":{"argv":["node","C:\\Users\\admin\\Desktop\\ExpreeJs\\FundoNotes\\src\\index.js"],"cwd":"C:\\Users\\admin\\Desktop\\ExpreeJs\\FundoNotes","execPath":"C:\\Program Files\\nodejs\\node.exe","gid":null,"memoryUsage":{"arrayBuffers":18295175,"external":21284814,"heapTotal":79417344,"heapUsed":51772888,"rss":116125696},"pid":10380,"uid":null,"version":"v20.17.0"},"stack":"TypeError: Cannot read properties of undefined (reading 'method')\n    at Function.handle (C:\\Users\\admin\\Desktop\\ExpreeJs\\FundoNotes\\node_modules\\express\\lib\\router\\index.js:139:34)\n    at router (C:\\Users\\admin\\Desktop\\ExpreeJs\\FundoNotes\\node_modules\\express\\lib\\router\\index.js:47:12)\n    at Object.<anonymous> (C:\\Users\\admin\\Desktop\\ExpreeJs\\FundoNotes\\src\\/index.js:32:38)\n    at Module._compile (node:internal/modules/cjs/loader:1469:14)\n    at Module._compile (C:\\Users\\admin\\Desktop\\ExpreeJs\\FundoNotes\\node_modules\\pirates\\lib\\index.js:117:24)\n    at Module._extensions..js (node:internal/modules/cjs/loader:1548:10)\n    at Object.newLoader [as .js] (C:\\Users\\admin\\Desktop\\ExpreeJs\\FundoNotes\\node_modules\\pirates\\lib\\index.js:121:7)\n    at Module.load (node:internal/modules/cjs/loader:1288:32)\n    at Function.Module._load (node:internal/modules/cjs/loader:1104:12)\n    at Function.runMain (node:internal/modules/run_main:174:12)\n    at Object.<anonymous> (C:\\Users\\admin\\Desktop\\ExpreeJs\\FundoNotes\\node_modules\\@babel\\node\\src\\_babel-node.ts:159:12)\n    at Module._compile (node:internal/modules/cjs/loader:1469:14)\n    at Object.Module._extensions..js (node:internal/modules/cjs/loader:1548:10)\n    at Module.load (node:internal/modules/cjs/loader:1288:32)\n    at Function.Module._load (node:internal/modules/cjs/loader:1104:12)\n    at Function.executeUserEntryPoint [as runMain] (node:internal/modules/run_main:174:12)\n    at node:internal/main/run_main_module:28:49","timestamp":"2024-10-16T10:54:50.590Z","trace":[{"column":34,"file":"C:\\Users\\admin\\Desktop\\ExpreeJs\\FundoNotes\\node_modules\\express\\lib\\router\\index.js","function":"Function.handle","line":139,"method":"handle","native":false},{"column":12,"file":"C:\\Users\\admin\\Desktop\\ExpreeJs\\FundoNotes\\node_modules\\express\\lib\\router\\index.js","function":"router","line":47,"method":null,"native":false},{"column":38,"file":"C:\\Users\\admin\\Desktop\\ExpreeJs\\FundoNotes\\src\\/index.js","function":null,"line":32,"method":null,"native":false},{"column":14,"file":"node:internal/modules/cjs/loader","function":"Module._compile","line":1469,"method":"_compile","native":false},{"column":24,"file":"C:\\Users\\admin\\Desktop\\ExpreeJs\\FundoNotes\\node_modules\\pirates\\lib\\index.js","function":"Module._compile","line":117,"method":"_compile","native":false},{"column":10,"file":"node:internal/modules/cjs/loader","function":"Module._extensions..js","line":1548,"method":".js","native":false},{"column":7,"file":"C:\\Users\\admin\\Desktop\\ExpreeJs\\FundoNotes\\node_modules\\pirates\\lib\\index.js","function":"Object.newLoader [as .js]","line":121,"method":"js]","native":false},{"column":32,"file":"node:internal/modules/cjs/loader","function":"Module.load","line":1288,"method":"load","native":false},{"column":12,"file":"node:internal/modules/cjs/loader","function":"Module._load","line":1104,"method":"_load","native":false},{"column":12,"file":"node:internal/modules/run_main","function":"Function.runMain","line":174,"method":"runMain","native":false},{"column":12,"file":"C:\\Users\\admin\\Desktop\\ExpreeJs\\FundoNotes\\node_modules\\@babel\\node\\src\\_babel-node.ts","function":null,"line":159,"method":null,"native":false},{"column":14,"file":"node:internal/modules/cjs/loader","function":"Module._compile","line":1469,"method":"_compile","native":false},{"column":10,"file":"node:internal/modules/cjs/loader","function":"Module._extensions..js","line":1548,"method":".js","native":false},{"column":32,"file":"node:internal/modules/cjs/loader","function":"Module.load","line":1288,"method":"load","native":false},{"column":12,"file":"node:internal/modules/cjs/loader","function":"Module._load","line":1104,"method":"_load","native":false},{"column":12,"file":"node:internal/modules/run_main","function":"Function.executeUserEntryPoint [as runMain]","line":174,"method":"executeUserEntryPoint [as runMain]","native":false},{"column":49,"file":"node:internal/main/run_main_module","function":null,"line":28,"method":null,"native":false}]}
error: uncaughtException: Cannot read properties of undefined (reading 'method')
TypeError: Cannot read properties of undefined (reading 'method')
    at Function.handle (C:\Users\admin\Desktop\ExpreeJs\FundoNotes\node_modules\express\lib\router\index.js:139:34)
    at router (C:\Users\admin\Desktop\ExpreeJs\FundoNotes\node_modules\express\lib\router\index.js:47:12)
    at Object.<anonymous> (C:\Users\admin\Desktop\ExpreeJs\FundoNotes\src\/index.js:32:38)
    at Module._compile (node:internal/modules/cjs/loader:1469:14)
    at Module._compile (C:\Users\admin\Desktop\ExpreeJs\FundoNotes\node_modules\pirates\lib\index.js:117:24)
    at Module._extensions..js (node:internal/modules/cjs/loader:1548:10)
    at Object.newLoader [as .js] (C:\Users\admin\Desktop\ExpreeJs\FundoNotes\node_modules\pirates\lib\index.js:121:7)
    at Module.load (node:internal/modules/cjs/loader:1288:32)
    at Function.Module._load (node:internal/modules/cjs/loader:1104:12)
    at Function.runMain (node:internal/modules/run_main:174:12)
    at Object.<anonymous> (C:\Users\admin\Desktop\ExpreeJs\FundoNotes\node_modules\@babel\node\src\_babel-node.ts:159:12)
    at Module._compile (node:internal/modules/cjs/loader:1469:14)
    at Object.Module._extensions..js (node:internal/modules/cjs/loader:1548:10)
    at Module.load (node:internal/modules/cjs/loader:1288:32)
    at Function.Module._load (node:internal/modules/cjs/loader:1104:12)
    at Function.executeUserEntryPoint [as runMain] (node:internal/modules/run_main:174:12)
    at node:internal/main/run_main_module:28:49 {"date":"Wed Oct 16 2024 16:25:24 GMT+0530 (India Standard Time)","error":{},"exception":true,"os":{"loadavg":[0,0,0],"uptime":185920.937},"process":{"argv":["node","C:\\Users\\admin\\Desktop\\ExpreeJs\\FundoNotes\\src\\index.js"],"cwd":"C:\\Users\\admin\\Desktop\\ExpreeJs\\FundoNotes","execPath":"C:\\Program Files\\nodejs\\node.exe","gid":null,"memoryUsage":{"arrayBuffers":18278791,"external":21268430,"heapTotal":78368768,"heapUsed":44035232,"rss":114606080},"pid":1940,"uid":null,"version":"v20.17.0"},"stack":"TypeError: Cannot read properties of undefined (reading 'method')\n    at Function.handle (C:\\Users\\admin\\Desktop\\ExpreeJs\\FundoNotes\\node_modules\\express\\lib\\router\\index.js:139:34)\n    at router (C:\\Users\\admin\\Desktop\\ExpreeJs\\FundoNotes\\node_modules\\express\\lib\\router\\index.js:47:12)\n    at Object.<anonymous> (C:\\Users\\admin\\Desktop\\ExpreeJs\\FundoNotes\\src\\/index.js:32:38)\n    at Module._compile (node:internal/modules/cjs/loader:1469:14)\n    at Module._compile (C:\\Users\\admin\\Desktop\\ExpreeJs\\FundoNotes\\node_modules\\pirates\\lib\\index.js:117:24)\n    at Module._extensions..js (node:internal/modules/cjs/loader:1548:10)\n    at Object.newLoader [as .js] (C:\\Users\\admin\\Desktop\\ExpreeJs\\FundoNotes\\node_modules\\pirates\\lib\\index.js:121:7)\n    at Module.load (node:internal/modules/cjs/loader:1288:32)\n    at Function.Module._load (node:internal/modules/cjs/loader:1104:12)\n    at Function.runMain (node:internal/modules/run_main:174:12)\n    at Object.<anonymous> (C:\\Users\\admin\\Desktop\\ExpreeJs\\FundoNotes\\node_modules\\@babel\\node\\src\\_babel-node.ts:159:12)\n    at Module._compile (node:internal/modules/cjs/loader:1469:14)\n    at Object.Module._extensions..js (node:internal/modules/cjs/loader:1548:10)\n    at Module.load (node:internal/modules/cjs/loader:1288:32)\n    at Function.Module._load (node:internal/modules/cjs/loader:1104:12)\n    at Function.executeUserEntryPoint [as runMain] (node:internal/modules/run_main:174:12)\n    at node:internal/main/run_main_module:28:49","timestamp":"2024-10-16T10:55:24.528Z","trace":[{"column":34,"file":"C:\\Users\\admin\\Desktop\\ExpreeJs\\FundoNotes\\node_modules\\express\\lib\\router\\index.js","function":"Function.handle","line":139,"method":"handle","native":false},{"column":12,"file":"C:\\Users\\admin\\Desktop\\ExpreeJs\\FundoNotes\\node_modules\\express\\lib\\router\\index.js","function":"router","line":47,"method":null,"native":false},{"column":38,"file":"C:\\Users\\admin\\Desktop\\ExpreeJs\\FundoNotes\\src\\/index.js","function":null,"line":32,"method":null,"native":false},{"column":14,"file":"node:internal/modules/cjs/loader","function":"Module._compile","line":1469,"method":"_compile","native":false},{"column":24,"file":"C:\\Users\\admin\\Desktop\\ExpreeJs\\FundoNotes\\node_modules\\pirates\\lib\\index.js","function":"Module._compile","line":117,"method":"_compile","native":false},{"column":10,"file":"node:internal/modules/cjs/loader","function":"Module._extensions..js","line":1548,"method":".js","native":false},{"column":7,"file":"C:\\Users\\admin\\Desktop\\ExpreeJs\\FundoNotes\\node_modules\\pirates\\lib\\index.js","function":"Object.newLoader [as .js]","line":121,"method":"js]","native":false},{"column":32,"file":"node:internal/modules/cjs/loader","function":"Module.load","line":1288,"method":"load","native":false},{"column":12,"file":"node:internal/modules/cjs/loader","function":"Module._load","line":1104,"method":"_load","native":false},{"column":12,"file":"node:internal/modules/run_main","function":"Function.runMain","line":174,"method":"runMain","native":false},{"column":12,"file":"C:\\Users\\admin\\Desktop\\ExpreeJs\\FundoNotes\\node_modules\\@babel\\node\\src\\_babel-node.ts","function":null,"line":159,"method":null,"native":false},{"column":14,"file":"node:internal/modules/cjs/loader","function":"Module._compile","line":1469,"method":"_compile","native":false},{"column":10,"file":"node:internal/modules/cjs/loader","function":"Module._extensions..js","line":1548,"method":".js","native":false},{"column":32,"file":"node:internal/modules/cjs/loader","function":"Module.load","line":1288,"method":"load","native":false},{"column":12,"file":"node:internal/modules/cjs/loader","function":"Module._load","line":1104,"method":"_load","native":false},{"column":12,"file":"node:internal/modules/run_main","function":"Function.executeUserEntryPoint [as runMain]","line":174,"method":"executeUserEntryPoint [as runMain]","native":false},{"column":49,"file":"node:internal/main/run_main_module","function":null,"line":28,"method":null,"native":false}]}
error: uncaughtException: Cannot read properties of undefined (reading 'method')
TypeError: Cannot read properties of undefined (reading 'method')
    at Function.handle (C:\Users\admin\Desktop\ExpreeJs\FundoNotes\node_modules\express\lib\router\index.js:139:34)
    at router (C:\Users\admin\Desktop\ExpreeJs\FundoNotes\node_modules\express\lib\router\index.js:47:12)
    at Object.<anonymous> (C:\Users\admin\Desktop\ExpreeJs\FundoNotes\src\/index.js:32:38)
    at Module._compile (node:internal/modules/cjs/loader:1469:14)
    at Module._compile (C:\Users\admin\Desktop\ExpreeJs\FundoNotes\node_modules\pirates\lib\index.js:117:24)
    at Module._extensions..js (node:internal/modules/cjs/loader:1548:10)
    at Object.newLoader [as .js] (C:\Users\admin\Desktop\ExpreeJs\FundoNotes\node_modules\pirates\lib\index.js:121:7)
    at Module.load (node:internal/modules/cjs/loader:1288:32)
    at Function.Module._load (node:internal/modules/cjs/loader:1104:12)
    at Function.runMain (node:internal/modules/run_main:174:12)
    at Object.<anonymous> (C:\Users\admin\Desktop\ExpreeJs\FundoNotes\node_modules\@babel\node\src\_babel-node.ts:159:12)
    at Module._compile (node:internal/modules/cjs/loader:1469:14)
    at Object.Module._extensions..js (node:internal/modules/cjs/loader:1548:10)
    at Module.load (node:internal/modules/cjs/loader:1288:32)
    at Function.Module._load (node:internal/modules/cjs/loader:1104:12)
    at Function.executeUserEntryPoint [as runMain] (node:internal/modules/run_main:174:12)
    at node:internal/main/run_main_module:28:49 {"date":"Wed Oct 16 2024 16:28:58 GMT+0530 (India Standard Time)","error":{},"exception":true,"os":{"loadavg":[0,0,0],"uptime":186135.093},"process":{"argv":["node","C:\\Users\\admin\\Desktop\\ExpreeJs\\FundoNotes\\src\\index.js"],"cwd":"C:\\Users\\admin\\Desktop\\ExpreeJs\\FundoNotes","execPath":"C:\\Program Files\\nodejs\\node.exe","gid":null,"memoryUsage":{"arrayBuffers":18278791,"external":21268430,"heapTotal":79155200,"heapUsed":43775184,"rss":115752960},"pid":8676,"uid":null,"version":"v20.17.0"},"stack":"TypeError: Cannot read properties of undefined (reading 'method')\n    at Function.handle (C:\\Users\\admin\\Desktop\\ExpreeJs\\FundoNotes\\node_modules\\express\\lib\\router\\index.js:139:34)\n    at router (C:\\Users\\admin\\Desktop\\ExpreeJs\\FundoNotes\\node_modules\\express\\lib\\router\\index.js:47:12)\n    at Object.<anonymous> (C:\\Users\\admin\\Desktop\\ExpreeJs\\FundoNotes\\src\\/index.js:32:38)\n    at Module._compile (node:internal/modules/cjs/loader:1469:14)\n    at Module._compile (C:\\Users\\admin\\Desktop\\ExpreeJs\\FundoNotes\\node_modules\\pirates\\lib\\index.js:117:24)\n    at Module._extensions..js (node:internal/modules/cjs/loader:1548:10)\n    at Object.newLoader [as .js] (C:\\Users\\admin\\Desktop\\ExpreeJs\\FundoNotes\\node_modules\\pirates\\lib\\index.js:121:7)\n    at Module.load (node:internal/modules/cjs/loader:1288:32)\n    at Function.Module._load (node:internal/modules/cjs/loader:1104:12)\n    at Function.runMain (node:internal/modules/run_main:174:12)\n    at Object.<anonymous> (C:\\Users\\admin\\Desktop\\ExpreeJs\\FundoNotes\\node_modules\\@babel\\node\\src\\_babel-node.ts:159:12)\n    at Module._compile (node:internal/modules/cjs/loader:1469:14)\n    at Object.Module._extensions..js (node:internal/modules/cjs/loader:1548:10)\n    at Module.load (node:internal/modules/cjs/loader:1288:32)\n    at Function.Module._load (node:internal/modules/cjs/loader:1104:12)\n    at Function.executeUserEntryPoint [as runMain] (node:internal/modules/run_main:174:12)\n    at node:internal/main/run_main_module:28:49","timestamp":"2024-10-16T10:58:58.680Z","trace":[{"column":34,"file":"C:\\Users\\admin\\Desktop\\ExpreeJs\\FundoNotes\\node_modules\\express\\lib\\router\\index.js","function":"Function.handle","line":139,"method":"handle","native":false},{"column":12,"file":"C:\\Users\\admin\\Desktop\\ExpreeJs\\FundoNotes\\node_modules\\express\\lib\\router\\index.js","function":"router","line":47,"method":null,"native":false},{"column":38,"file":"C:\\Users\\admin\\Desktop\\ExpreeJs\\FundoNotes\\src\\/index.js","function":null,"line":32,"method":null,"native":false},{"column":14,"file":"node:internal/modules/cjs/loader","function":"Module._compile","line":1469,"method":"_compile","native":false},{"column":24,"file":"C:\\Users\\admin\\Desktop\\ExpreeJs\\FundoNotes\\node_modules\\pirates\\lib\\index.js","function":"Module._compile","line":117,"method":"_compile","native":false},{"column":10,"file":"node:internal/modules/cjs/loader","function":"Module._extensions..js","line":1548,"method":".js","native":false},{"column":7,"file":"C:\\Users\\admin\\Desktop\\ExpreeJs\\FundoNotes\\node_modules\\pirates\\lib\\index.js","function":"Object.newLoader [as .js]","line":121,"method":"js]","native":false},{"column":32,"file":"node:internal/modules/cjs/loader","function":"Module.load","line":1288,"method":"load","native":false},{"column":12,"file":"node:internal/modules/cjs/loader","function":"Module._load","line":1104,"method":"_load","native":false},{"column":12,"file":"node:internal/modules/run_main","function":"Function.runMain","line":174,"method":"runMain","native":false},{"column":12,"file":"C:\\Users\\admin\\Desktop\\ExpreeJs\\FundoNotes\\node_modules\\@babel\\node\\src\\_babel-node.ts","function":null,"line":159,"method":null,"native":false},{"column":14,"file":"node:internal/modules/cjs/loader","function":"Module._compile","line":1469,"method":"_compile","native":false},{"column":10,"file":"node:internal/modules/cjs/loader","function":"Module._extensions..js","line":1548,"method":".js","native":false},{"column":32,"file":"node:internal/modules/cjs/loader","function":"Module.load","line":1288,"method":"load","native":false},{"column":12,"file":"node:internal/modules/cjs/loader","function":"Module._load","line":1104,"method":"_load","native":false},{"column":12,"file":"node:internal/modules/run_main","function":"Function.executeUserEntryPoint [as runMain]","line":174,"method":"executeUserEntryPoint [as runMain]","native":false},{"column":49,"file":"node:internal/main/run_main_module","function":null,"line":28,"method":null,"native":false}]}
error: uncaughtException: Cannot read properties of undefined (reading 'method')
TypeError: Cannot read properties of undefined (reading 'method')
    at Function.handle (C:\Users\admin\Desktop\ExpreeJs\FundoNotes\node_modules\express\lib\router\index.js:139:34)
    at router (C:\Users\admin\Desktop\ExpreeJs\FundoNotes\node_modules\express\lib\router\index.js:47:12)
    at Object.<anonymous> (C:\Users\admin\Desktop\ExpreeJs\FundoNotes\src\/index.js:32:38)
    at Module._compile (node:internal/modules/cjs/loader:1469:14)
    at Module._compile (C:\Users\admin\Desktop\ExpreeJs\FundoNotes\node_modules\pirates\lib\index.js:117:24)
    at Module._extensions..js (node:internal/modules/cjs/loader:1548:10)
    at Object.newLoader [as .js] (C:\Users\admin\Desktop\ExpreeJs\FundoNotes\node_modules\pirates\lib\index.js:121:7)
    at Module.load (node:internal/modules/cjs/loader:1288:32)
    at Function.Module._load (node:internal/modules/cjs/loader:1104:12)
    at Function.runMain (node:internal/modules/run_main:174:12)
    at Object.<anonymous> (C:\Users\admin\Desktop\ExpreeJs\FundoNotes\node_modules\@babel\node\src\_babel-node.ts:159:12)
    at Module._compile (node:internal/modules/cjs/loader:1469:14)
    at Object.Module._extensions..js (node:internal/modules/cjs/loader:1548:10)
    at Module.load (node:internal/modules/cjs/loader:1288:32)
    at Function.Module._load (node:internal/modules/cjs/loader:1104:12)
    at Function.executeUserEntryPoint [as runMain] (node:internal/modules/run_main:174:12)
    at node:internal/main/run_main_module:28:49 {"date":"Wed Oct 16 2024 16:31:38 GMT+0530 (India Standard Time)","error":{},"exception":true,"os":{"loadavg":[0,0,0],"uptime":186294.703},"process":{"argv":["node","C:\\Users\\admin\\Desktop\\ExpreeJs\\FundoNotes\\src\\index.js"],"cwd":"C:\\Users\\admin\\Desktop\\ExpreeJs\\FundoNotes","execPath":"C:\\Program Files\\nodejs\\node.exe","gid":null,"memoryUsage":{"arrayBuffers":18278791,"external":21268430,"heapTotal":78106624,"heapUsed":42282776,"rss":113160192},"pid":5884,"uid":null,"version":"v20.17.0"},"stack":"TypeError: Cannot read properties of undefined (reading 'method')\n    at Function.handle (C:\\Users\\admin\\Desktop\\ExpreeJs\\FundoNotes\\node_modules\\express\\lib\\router\\index.js:139:34)\n    at router (C:\\Users\\admin\\Desktop\\ExpreeJs\\FundoNotes\\node_modules\\express\\lib\\router\\index.js:47:12)\n    at Object.<anonymous> (C:\\Users\\admin\\Desktop\\ExpreeJs\\FundoNotes\\src\\/index.js:32:38)\n    at Module._compile (node:internal/modules/cjs/loader:1469:14)\n    at Module._compile (C:\\Users\\admin\\Desktop\\ExpreeJs\\FundoNotes\\node_modules\\pirates\\lib\\index.js:117:24)\n    at Module._extensions..js (node:internal/modules/cjs/loader:1548:10)\n    at Object.newLoader [as .js] (C:\\Users\\admin\\Desktop\\ExpreeJs\\FundoNotes\\node_modules\\pirates\\lib\\index.js:121:7)\n    at Module.load (node:internal/modules/cjs/loader:1288:32)\n    at Function.Module._load (node:internal/modules/cjs/loader:1104:12)\n    at Function.runMain (node:internal/modules/run_main:174:12)\n    at Object.<anonymous> (C:\\Users\\admin\\Desktop\\ExpreeJs\\FundoNotes\\node_modules\\@babel\\node\\src\\_babel-node.ts:159:12)\n    at Module._compile (node:internal/modules/cjs/loader:1469:14)\n    at Object.Module._extensions..js (node:internal/modules/cjs/loader:1548:10)\n    at Module.load (node:internal/modules/cjs/loader:1288:32)\n    at Function.Module._load (node:internal/modules/cjs/loader:1104:12)\n    at Function.executeUserEntryPoint [as runMain] (node:internal/modules/run_main:174:12)\n    at node:internal/main/run_main_module:28:49","timestamp":"2024-10-16T11:01:38.303Z","trace":[{"column":34,"file":"C:\\Users\\admin\\Desktop\\ExpreeJs\\FundoNotes\\node_modules\\express\\lib\\router\\index.js","function":"Function.handle","line":139,"method":"handle","native":false},{"column":12,"file":"C:\\Users\\admin\\Desktop\\ExpreeJs\\FundoNotes\\node_modules\\express\\lib\\router\\index.js","function":"router","line":47,"method":null,"native":false},{"column":38,"file":"C:\\Users\\admin\\Desktop\\ExpreeJs\\FundoNotes\\src\\/index.js","function":null,"line":32,"method":null,"native":false},{"column":14,"file":"node:internal/modules/cjs/loader","function":"Module._compile","line":1469,"method":"_compile","native":false},{"column":24,"file":"C:\\Users\\admin\\Desktop\\ExpreeJs\\FundoNotes\\node_modules\\pirates\\lib\\index.js","function":"Module._compile","line":117,"method":"_compile","native":false},{"column":10,"file":"node:internal/modules/cjs/loader","function":"Module._extensions..js","line":1548,"method":".js","native":false},{"column":7,"file":"C:\\Users\\admin\\Desktop\\ExpreeJs\\FundoNotes\\node_modules\\pirates\\lib\\index.js","function":"Object.newLoader [as .js]","line":121,"method":"js]","native":false},{"column":32,"file":"node:internal/modules/cjs/loader","function":"Module.load","line":1288,"method":"load","native":false},{"column":12,"file":"node:internal/modules/cjs/loader","function":"Module._load","line":1104,"method":"_load","native":false},{"column":12,"file":"node:internal/modules/run_main","function":"Function.runMain","line":174,"method":"runMain","native":false},{"column":12,"file":"C:\\Users\\admin\\Desktop\\ExpreeJs\\FundoNotes\\node_modules\\@babel\\node\\src\\_babel-node.ts","function":null,"line":159,"method":null,"native":false},{"column":14,"file":"node:internal/modules/cjs/loader","function":"Module._compile","line":1469,"method":"_compile","native":false},{"column":10,"file":"node:internal/modules/cjs/loader","function":"Module._extensions..js","line":1548,"method":".js","native":false},{"column":32,"file":"node:internal/modules/cjs/loader","function":"Module.load","line":1288,"method":"load","native":false},{"column":12,"file":"node:internal/modules/cjs/loader","function":"Module._load","line":1104,"method":"_load","native":false},{"column":12,"file":"node:internal/modules/run_main","function":"Function.executeUserEntryPoint [as runMain]","line":174,"method":"executeUserEntryPoint [as runMain]","native":false},{"column":49,"file":"node:internal/main/run_main_module","function":null,"line":28,"method":null,"native":false}]}
error: uncaughtException: Cannot read properties of undefined (reading 'method')
TypeError: Cannot read properties of undefined (reading 'method')
    at Function.handle (C:\Users\admin\Desktop\ExpreeJs\FundoNotes\node_modules\express\lib\router\index.js:139:34)
    at router (C:\Users\admin\Desktop\ExpreeJs\FundoNotes\node_modules\express\lib\router\index.js:47:12)
    at Object.<anonymous> (C:\Users\admin\Desktop\ExpreeJs\FundoNotes\src\/index.js:32:38)
    at Module._compile (node:internal/modules/cjs/loader:1469:14)
    at Module._compile (C:\Users\admin\Desktop\ExpreeJs\FundoNotes\node_modules\pirates\lib\index.js:117:24)
    at Module._extensions..js (node:internal/modules/cjs/loader:1548:10)
    at Object.newLoader [as .js] (C:\Users\admin\Desktop\ExpreeJs\FundoNotes\node_modules\pirates\lib\index.js:121:7)
    at Module.load (node:internal/modules/cjs/loader:1288:32)
    at Function.Module._load (node:internal/modules/cjs/loader:1104:12)
    at Function.runMain (node:internal/modules/run_main:174:12)
    at Object.<anonymous> (C:\Users\admin\Desktop\ExpreeJs\FundoNotes\node_modules\@babel\node\src\_babel-node.ts:159:12)
    at Module._compile (node:internal/modules/cjs/loader:1469:14)
    at Object.Module._extensions..js (node:internal/modules/cjs/loader:1548:10)
    at Module.load (node:internal/modules/cjs/loader:1288:32)
    at Function.Module._load (node:internal/modules/cjs/loader:1104:12)
    at Function.executeUserEntryPoint [as runMain] (node:internal/modules/run_main:174:12)
    at node:internal/main/run_main_module:28:49 {"date":"Wed Oct 16 2024 16:33:46 GMT+0530 (India Standard Time)","error":{},"exception":true,"os":{"loadavg":[0,0,0],"uptime":186423.312},"process":{"argv":["node","C:\\Users\\admin\\Desktop\\ExpreeJs\\FundoNotes\\src\\index.js"],"cwd":"C:\\Users\\admin\\Desktop\\ExpreeJs\\FundoNotes","execPath":"C:\\Program Files\\nodejs\\node.exe","gid":null,"memoryUsage":{"arrayBuffers":18270599,"external":21260238,"heapTotal":76795904,"heapUsed":54555672,"rss":111915008},"pid":13524,"uid":null,"version":"v20.17.0"},"stack":"TypeError: Cannot read properties of undefined (reading 'method')\n    at Function.handle (C:\\Users\\admin\\Desktop\\ExpreeJs\\FundoNotes\\node_modules\\express\\lib\\router\\index.js:139:34)\n    at router (C:\\Users\\admin\\Desktop\\ExpreeJs\\FundoNotes\\node_modules\\express\\lib\\router\\index.js:47:12)\n    at Object.<anonymous> (C:\\Users\\admin\\Desktop\\ExpreeJs\\FundoNotes\\src\\/index.js:32:38)\n    at Module._compile (node:internal/modules/cjs/loader:1469:14)\n    at Module._compile (C:\\Users\\admin\\Desktop\\ExpreeJs\\FundoNotes\\node_modules\\pirates\\lib\\index.js:117:24)\n    at Module._extensions..js (node:internal/modules/cjs/loader:1548:10)\n    at Object.newLoader [as .js] (C:\\Users\\admin\\Desktop\\ExpreeJs\\FundoNotes\\node_modules\\pirates\\lib\\index.js:121:7)\n    at Module.load (node:internal/modules/cjs/loader:1288:32)\n    at Function.Module._load (node:internal/modules/cjs/loader:1104:12)\n    at Function.runMain (node:internal/modules/run_main:174:12)\n    at Object.<anonymous> (C:\\Users\\admin\\Desktop\\ExpreeJs\\FundoNotes\\node_modules\\@babel\\node\\src\\_babel-node.ts:159:12)\n    at Module._compile (node:internal/modules/cjs/loader:1469:14)\n    at Object.Module._extensions..js (node:internal/modules/cjs/loader:1548:10)\n    at Module.load (node:internal/modules/cjs/loader:1288:32)\n    at Function.Module._load (node:internal/modules/cjs/loader:1104:12)\n    at Function.executeUserEntryPoint [as runMain] (node:internal/modules/run_main:174:12)\n    at node:internal/main/run_main_module:28:49","timestamp":"2024-10-16T11:03:46.912Z","trace":[{"column":34,"file":"C:\\Users\\admin\\Desktop\\ExpreeJs\\FundoNotes\\node_modules\\express\\lib\\router\\index.js","function":"Function.handle","line":139,"method":"handle","native":false},{"column":12,"file":"C:\\Users\\admin\\Desktop\\ExpreeJs\\FundoNotes\\node_modules\\express\\lib\\router\\index.js","function":"router","line":47,"method":null,"native":false},{"column":38,"file":"C:\\Users\\admin\\Desktop\\ExpreeJs\\FundoNotes\\src\\/index.js","function":null,"line":32,"method":null,"native":false},{"column":14,"file":"node:internal/modules/cjs/loader","function":"Module._compile","line":1469,"method":"_compile","native":false},{"column":24,"file":"C:\\Users\\admin\\Desktop\\ExpreeJs\\FundoNotes\\node_modules\\pirates\\lib\\index.js","function":"Module._compile","line":117,"method":"_compile","native":false},{"column":10,"file":"node:internal/modules/cjs/loader","function":"Module._extensions..js","line":1548,"method":".js","native":false},{"column":7,"file":"C:\\Users\\admin\\Desktop\\ExpreeJs\\FundoNotes\\node_modules\\pirates\\lib\\index.js","function":"Object.newLoader [as .js]","line":121,"method":"js]","native":false},{"column":32,"file":"node:internal/modules/cjs/loader","function":"Module.load","line":1288,"method":"load","native":false},{"column":12,"file":"node:internal/modules/cjs/loader","function":"Module._load","line":1104,"method":"_load","native":false},{"column":12,"file":"node:internal/modules/run_main","function":"Function.runMain","line":174,"method":"runMain","native":false},{"column":12,"file":"C:\\Users\\admin\\Desktop\\ExpreeJs\\FundoNotes\\node_modules\\@babel\\node\\src\\_babel-node.ts","function":null,"line":159,"method":null,"native":false},{"column":14,"file":"node:internal/modules/cjs/loader","function":"Module._compile","line":1469,"method":"_compile","native":false},{"column":10,"file":"node:internal/modules/cjs/loader","function":"Module._extensions..js","line":1548,"method":".js","native":false},{"column":32,"file":"node:internal/modules/cjs/loader","function":"Module.load","line":1288,"method":"load","native":false},{"column":12,"file":"node:internal/modules/cjs/loader","function":"Module._load","line":1104,"method":"_load","native":false},{"column":12,"file":"node:internal/modules/run_main","function":"Function.executeUserEntryPoint [as runMain]","line":174,"method":"executeUserEntryPoint [as runMain]","native":false},{"column":49,"file":"node:internal/main/run_main_module","function":null,"line":28,"method":null,"native":false}]}
info: Server started at http://localhost:3000/api/v1/ {"timestamp":"2024-10-16T11:04:11.949Z"}
info: Connected to the database. {"timestamp":"2024-10-16T11:04:12.035Z"}
info: Server started at http://localhost:3000/api/v1/ {"timestamp":"2024-10-16T11:06:12.995Z"}
info: Connected to the database. {"timestamp":"2024-10-16T11:06:13.086Z"}
info: Server started at http://localhost:3000/api/v1/ {"timestamp":"2024-10-17T03:29:57.846Z"}
info: Connected to the database. {"timestamp":"2024-10-17T03:29:57.935Z"}
info: Server started at http://localhost:3000/api/v1/ {"timestamp":"2024-10-17T03:32:56.206Z"}
info: Connected to the database. {"timestamp":"2024-10-17T03:32:56.279Z"}
error: 
    status - 500 
    message - ValidationError: User validation failed: Password: Path `Password` is required., Email: Path `Email` is required., Last_Name: Path `Last_Name` is required., First_Name: Path `First_Name` is required.
    at model.Document.invalidate (C:\Users\admin\Desktop\ExpreeJs\FundoNotes\node_modules\mongoose\lib\document.js:2788:32)
    at C:\Users\admin\Desktop\ExpreeJs\FundoNotes\node_modules\mongoose\lib\document.js:2580:17
    at C:\Users\admin\Desktop\ExpreeJs\FundoNotes\node_modules\mongoose\lib\schematype.js:1273:9
    at processTicksAndRejections (node:internal/process/task_queues:77:11) 
    url - /api/v1/register 
    method - POST 
    IP - ::1
   {"timestamp":"2024-10-17T03:33:12.387Z"}
error: 
      status - 11000
      message - E11000 duplicate key error collection: FundoNote.users index: email_1 dup key: { email: null } 
      url - /api/v1/register 
      method - POST 
      IP - ::1
     {"timestamp":"2024-10-17T03:51:12.955Z"}
error: 
    status - 500 
    message - RangeError: Invalid status code: 11000
    at ServerResponse.writeHead (node:_http_server:352:11)
    at ServerResponse.writeHead (C:\Users\admin\Desktop\ExpreeJs\FundoNotes\node_modules\on-headers\index.js:44:26)
    at ServerResponse._implicitHeader (node:_http_server:338:8)
    at write_ (node:_http_outgoing:945:9)
    at ServerResponse.end (node:_http_outgoing:1056:5)
    at ServerResponse.send (C:\Users\admin\Desktop\ExpreeJs\FundoNotes\node_modules\express\lib\response.js:232:10)
    at ServerResponse.json (C:\Users\admin\Desktop\ExpreeJs\FundoNotes\node_modules\express\lib\response.js:278:15)
    at appErrorHandler (C:\Users\admin\Desktop\ExpreeJs\FundoNotes\src\middlewares\/error.middleware.js:36:26)
    at Layer.handle_error (C:\Users\admin\Desktop\ExpreeJs\FundoNotes\node_modules\express\lib\router\layer.js:71:5)
    at trim_prefix (C:\Users\admin\Desktop\ExpreeJs\FundoNotes\node_modules\express\lib\router\index.js:326:13)
    at C:\Users\admin\Desktop\ExpreeJs\FundoNotes\node_modules\express\lib\router\index.js:286:9
    at Function.process_params (C:\Users\admin\Desktop\ExpreeJs\FundoNotes\node_modules\express\lib\router\index.js:346:12)
    at Immediate.next (C:\Users\admin\Desktop\ExpreeJs\FundoNotes\node_modules\express\lib\router\index.js:280:10)
    at Immediate._onImmediate (C:\Users\admin\Desktop\ExpreeJs\FundoNotes\node_modules\express\lib\router\index.js:646:15)
    at processImmediate (node:internal/timers:485:21) 
    url - /api/v1/register 
    method - POST 
    IP - ::1
   {"timestamp":"2024-10-17T03:51:13.013Z"}
error: 
      status - 11000
      message - E11000 duplicate key error collection: FundoNote.users index: email_1 dup key: { email: null } 
      url - /api/v1/register 
      method - POST 
      IP - ::1
     {"timestamp":"2024-10-17T03:52:14.288Z"}
error: 
    status - 500 
    message - RangeError: Invalid status code: 11000
    at ServerResponse.writeHead (node:_http_server:352:11)
    at ServerResponse.writeHead (C:\Users\admin\Desktop\ExpreeJs\FundoNotes\node_modules\on-headers\index.js:44:26)
    at ServerResponse._implicitHeader (node:_http_server:338:8)
    at write_ (node:_http_outgoing:945:9)
    at ServerResponse.end (node:_http_outgoing:1056:5)
    at ServerResponse.send (C:\Users\admin\Desktop\ExpreeJs\FundoNotes\node_modules\express\lib\response.js:232:10)
    at ServerResponse.json (C:\Users\admin\Desktop\ExpreeJs\FundoNotes\node_modules\express\lib\response.js:278:15)
    at appErrorHandler (C:\Users\admin\Desktop\ExpreeJs\FundoNotes\src\middlewares\/error.middleware.js:36:26)
    at Layer.handle_error (C:\Users\admin\Desktop\ExpreeJs\FundoNotes\node_modules\express\lib\router\layer.js:71:5)
    at trim_prefix (C:\Users\admin\Desktop\ExpreeJs\FundoNotes\node_modules\express\lib\router\index.js:326:13)
    at C:\Users\admin\Desktop\ExpreeJs\FundoNotes\node_modules\express\lib\router\index.js:286:9
    at Function.process_params (C:\Users\admin\Desktop\ExpreeJs\FundoNotes\node_modules\express\lib\router\index.js:346:12)
    at Immediate.next (C:\Users\admin\Desktop\ExpreeJs\FundoNotes\node_modules\express\lib\router\index.js:280:10)
    at Immediate._onImmediate (C:\Users\admin\Desktop\ExpreeJs\FundoNotes\node_modules\express\lib\router\index.js:646:15)
    at processImmediate (node:internal/timers:485:21) 
    url - /api/v1/register 
    method - POST 
    IP - ::1
   {"timestamp":"2024-10-17T03:52:14.301Z"}
info: Server started at http://localhost:3000/api/v1/ {"timestamp":"2024-10-17T03:52:39.304Z"}
info: Connected to the database. {"timestamp":"2024-10-17T03:52:39.403Z"}
error: 
      status - 11000
      message - E11000 duplicate key error collection: FundoNote.users index: email_1 dup key: { email: null } 
      url - /api/v1/register 
      method - POST 
      IP - ::1
     {"timestamp":"2024-10-17T03:52:58.265Z"}
error: 
    status - 500 
    message - RangeError: Invalid status code: 11000
    at ServerResponse.writeHead (node:_http_server:352:11)
    at ServerResponse.writeHead (C:\Users\admin\Desktop\ExpreeJs\FundoNotes\node_modules\on-headers\index.js:44:26)
    at ServerResponse._implicitHeader (node:_http_server:338:8)
    at write_ (node:_http_outgoing:945:9)
    at ServerResponse.end (node:_http_outgoing:1056:5)
    at ServerResponse.send (C:\Users\admin\Desktop\ExpreeJs\FundoNotes\node_modules\express\lib\response.js:232:10)
    at ServerResponse.json (C:\Users\admin\Desktop\ExpreeJs\FundoNotes\node_modules\express\lib\response.js:278:15)
    at appErrorHandler (C:\Users\admin\Desktop\ExpreeJs\FundoNotes\src\middlewares\/error.middleware.js:36:26)
    at Layer.handle_error (C:\Users\admin\Desktop\ExpreeJs\FundoNotes\node_modules\express\lib\router\layer.js:71:5)
    at trim_prefix (C:\Users\admin\Desktop\ExpreeJs\FundoNotes\node_modules\express\lib\router\index.js:326:13)
    at C:\Users\admin\Desktop\ExpreeJs\FundoNotes\node_modules\express\lib\router\index.js:286:9
    at Function.process_params (C:\Users\admin\Desktop\ExpreeJs\FundoNotes\node_modules\express\lib\router\index.js:346:12)
    at Immediate.next (C:\Users\admin\Desktop\ExpreeJs\FundoNotes\node_modules\express\lib\router\index.js:280:10)
    at Immediate._onImmediate (C:\Users\admin\Desktop\ExpreeJs\FundoNotes\node_modules\express\lib\router\index.js:646:15)
    at processImmediate (node:internal/timers:485:21) 
    url - /api/v1/register 
    method - POST 
    IP - ::1
   {"timestamp":"2024-10-17T03:52:58.281Z"}
error: 
      status - 11000
      message - E11000 duplicate key error collection: FundoNote.users index: email_1 dup key: { email: null } 
      url - /api/v1/register 
      method - POST 
      IP - ::1
     {"timestamp":"2024-10-17T03:54:00.924Z"}
error: 
    status - 500 
    message - RangeError: Invalid status code: 11000
    at ServerResponse.writeHead (node:_http_server:352:11)
    at ServerResponse.writeHead (C:\Users\admin\Desktop\ExpreeJs\FundoNotes\node_modules\on-headers\index.js:44:26)
    at ServerResponse._implicitHeader (node:_http_server:338:8)
    at write_ (node:_http_outgoing:945:9)
    at ServerResponse.end (node:_http_outgoing:1056:5)
    at ServerResponse.send (C:\Users\admin\Desktop\ExpreeJs\FundoNotes\node_modules\express\lib\response.js:232:10)
    at ServerResponse.json (C:\Users\admin\Desktop\ExpreeJs\FundoNotes\node_modules\express\lib\response.js:278:15)
    at appErrorHandler (C:\Users\admin\Desktop\ExpreeJs\FundoNotes\src\middlewares\/error.middleware.js:36:26)
    at Layer.handle_error (C:\Users\admin\Desktop\ExpreeJs\FundoNotes\node_modules\express\lib\router\layer.js:71:5)
    at trim_prefix (C:\Users\admin\Desktop\ExpreeJs\FundoNotes\node_modules\express\lib\router\index.js:326:13)
    at C:\Users\admin\Desktop\ExpreeJs\FundoNotes\node_modules\express\lib\router\index.js:286:9
    at Function.process_params (C:\Users\admin\Desktop\ExpreeJs\FundoNotes\node_modules\express\lib\router\index.js:346:12)
    at Immediate.next (C:\Users\admin\Desktop\ExpreeJs\FundoNotes\node_modules\express\lib\router\index.js:280:10)
    at Immediate._onImmediate (C:\Users\admin\Desktop\ExpreeJs\FundoNotes\node_modules\express\lib\router\index.js:646:15)
    at processImmediate (node:internal/timers:485:21) 
    url - /api/v1/register 
    method - POST 
    IP - ::1
   {"timestamp":"2024-10-17T03:54:00.932Z"}
info: Server started at http://localhost:3000/api/v1/ {"timestamp":"2024-10-17T03:55:18.102Z"}
info: Connected to the database. {"timestamp":"2024-10-17T03:55:18.172Z"}
info: Server started at http://localhost:3000/api/v1/ {"timestamp":"2024-10-17T03:56:21.857Z"}
info: Connected to the database. {"timestamp":"2024-10-17T03:56:21.956Z"}
error: 
      status - 11000
      message - E11000 duplicate key error collection: FundoNote.users index: email_1 dup key: { email: null } 
      url - /api/v1/user/register 
      method - POST 
      IP - ::1
     {"timestamp":"2024-10-17T03:56:39.123Z"}
error: 
    status - 500 
    message - RangeError: Invalid status code: 11000
    at ServerResponse.writeHead (node:_http_server:352:11)
    at ServerResponse.writeHead (C:\Users\admin\Desktop\ExpreeJs\FundoNotes\node_modules\on-headers\index.js:44:26)
    at ServerResponse._implicitHeader (node:_http_server:338:8)
    at write_ (node:_http_outgoing:945:9)
    at ServerResponse.end (node:_http_outgoing:1056:5)
    at ServerResponse.send (C:\Users\admin\Desktop\ExpreeJs\FundoNotes\node_modules\express\lib\response.js:232:10)
    at ServerResponse.json (C:\Users\admin\Desktop\ExpreeJs\FundoNotes\node_modules\express\lib\response.js:278:15)
    at appErrorHandler (C:\Users\admin\Desktop\ExpreeJs\FundoNotes\src\middlewares\/error.middleware.js:36:26)
    at Layer.handle_error (C:\Users\admin\Desktop\ExpreeJs\FundoNotes\node_modules\express\lib\router\layer.js:71:5)
    at trim_prefix (C:\Users\admin\Desktop\ExpreeJs\FundoNotes\node_modules\express\lib\router\index.js:326:13)
    at C:\Users\admin\Desktop\ExpreeJs\FundoNotes\node_modules\express\lib\router\index.js:286:9
    at Function.process_params (C:\Users\admin\Desktop\ExpreeJs\FundoNotes\node_modules\express\lib\router\index.js:346:12)
    at Immediate.next (C:\Users\admin\Desktop\ExpreeJs\FundoNotes\node_modules\express\lib\router\index.js:280:10)
    at Immediate._onImmediate (C:\Users\admin\Desktop\ExpreeJs\FundoNotes\node_modules\express\lib\router\index.js:646:15)
    at processImmediate (node:internal/timers:485:21) 
    url - /api/v1/user/register 
    method - POST 
    IP - ::1
   {"timestamp":"2024-10-17T03:56:39.138Z"}
error: 
      status - 11000
      message - E11000 duplicate key error collection: FundoNote.users index: email_1 dup key: { email: null } 
      url - /api/v1/user/register 
      method - POST 
      IP - ::1
     {"timestamp":"2024-10-17T03:57:07.617Z"}
error: 
    status - 500 
    message - RangeError: Invalid status code: 11000
    at ServerResponse.writeHead (node:_http_server:352:11)
    at ServerResponse.writeHead (C:\Users\admin\Desktop\ExpreeJs\FundoNotes\node_modules\on-headers\index.js:44:26)
    at ServerResponse._implicitHeader (node:_http_server:338:8)
    at write_ (node:_http_outgoing:945:9)
    at ServerResponse.end (node:_http_outgoing:1056:5)
    at ServerResponse.send (C:\Users\admin\Desktop\ExpreeJs\FundoNotes\node_modules\express\lib\response.js:232:10)
    at ServerResponse.json (C:\Users\admin\Desktop\ExpreeJs\FundoNotes\node_modules\express\lib\response.js:278:15)
    at appErrorHandler (C:\Users\admin\Desktop\ExpreeJs\FundoNotes\src\middlewares\/error.middleware.js:36:26)
    at Layer.handle_error (C:\Users\admin\Desktop\ExpreeJs\FundoNotes\node_modules\express\lib\router\layer.js:71:5)
    at trim_prefix (C:\Users\admin\Desktop\ExpreeJs\FundoNotes\node_modules\express\lib\router\index.js:326:13)
    at C:\Users\admin\Desktop\ExpreeJs\FundoNotes\node_modules\express\lib\router\index.js:286:9
    at Function.process_params (C:\Users\admin\Desktop\ExpreeJs\FundoNotes\node_modules\express\lib\router\index.js:346:12)
    at Immediate.next (C:\Users\admin\Desktop\ExpreeJs\FundoNotes\node_modules\express\lib\router\index.js:280:10)
    at Immediate._onImmediate (C:\Users\admin\Desktop\ExpreeJs\FundoNotes\node_modules\express\lib\router\index.js:646:15)
    at processImmediate (node:internal/timers:485:21) 
    url - /api/v1/user/register 
    method - POST 
    IP - ::1
   {"timestamp":"2024-10-17T03:57:07.629Z"}
info: Server started at http://localhost:3000/api/v1/ {"timestamp":"2024-10-17T03:58:38.891Z"}
info: Connected to the database. {"timestamp":"2024-10-17T03:58:38.972Z"}
error: 
      status - 11000
      message - E11000 duplicate key error collection: FundoNote.users index: email_1 dup key: { email: null } 
      url - /api/v1/users/register 
      method - POST 
      IP - ::1
     {"timestamp":"2024-10-17T03:58:53.824Z"}
error: 
    status - 500 
    message - RangeError: Invalid status code: 11000
    at ServerResponse.writeHead (node:_http_server:352:11)
    at ServerResponse.writeHead (C:\Users\admin\Desktop\ExpreeJs\FundoNotes\node_modules\on-headers\index.js:44:26)
    at ServerResponse._implicitHeader (node:_http_server:338:8)
    at write_ (node:_http_outgoing:945:9)
    at ServerResponse.end (node:_http_outgoing:1056:5)
    at ServerResponse.send (C:\Users\admin\Desktop\ExpreeJs\FundoNotes\node_modules\express\lib\response.js:232:10)
    at ServerResponse.json (C:\Users\admin\Desktop\ExpreeJs\FundoNotes\node_modules\express\lib\response.js:278:15)
    at appErrorHandler (C:\Users\admin\Desktop\ExpreeJs\FundoNotes\src\middlewares\/error.middleware.js:36:26)
    at Layer.handle_error (C:\Users\admin\Desktop\ExpreeJs\FundoNotes\node_modules\express\lib\router\layer.js:71:5)
    at trim_prefix (C:\Users\admin\Desktop\ExpreeJs\FundoNotes\node_modules\express\lib\router\index.js:326:13)
    at C:\Users\admin\Desktop\ExpreeJs\FundoNotes\node_modules\express\lib\router\index.js:286:9
    at Function.process_params (C:\Users\admin\Desktop\ExpreeJs\FundoNotes\node_modules\express\lib\router\index.js:346:12)
    at Immediate.next (C:\Users\admin\Desktop\ExpreeJs\FundoNotes\node_modules\express\lib\router\index.js:280:10)
    at Immediate._onImmediate (C:\Users\admin\Desktop\ExpreeJs\FundoNotes\node_modules\express\lib\router\index.js:646:15)
    at processImmediate (node:internal/timers:485:21) 
    url - /api/v1/users/register 
    method - POST 
    IP - ::1
   {"timestamp":"2024-10-17T03:58:53.838Z"}
error: 
      status - 11000
      message - E11000 duplicate key error collection: FundoNote.users index: email_1 dup key: { email: null } 
      url - /api/v1/users/register 
      method - POST 
      IP - ::1
     {"timestamp":"2024-10-17T03:59:49.026Z"}
error: 
    status - 500 
    message - RangeError: Invalid status code: 11000
    at ServerResponse.writeHead (node:_http_server:352:11)
    at ServerResponse.writeHead (C:\Users\admin\Desktop\ExpreeJs\FundoNotes\node_modules\on-headers\index.js:44:26)
    at ServerResponse._implicitHeader (node:_http_server:338:8)
    at write_ (node:_http_outgoing:945:9)
    at ServerResponse.end (node:_http_outgoing:1056:5)
    at ServerResponse.send (C:\Users\admin\Desktop\ExpreeJs\FundoNotes\node_modules\express\lib\response.js:232:10)
    at ServerResponse.json (C:\Users\admin\Desktop\ExpreeJs\FundoNotes\node_modules\express\lib\response.js:278:15)
    at appErrorHandler (C:\Users\admin\Desktop\ExpreeJs\FundoNotes\src\middlewares\/error.middleware.js:36:26)
    at Layer.handle_error (C:\Users\admin\Desktop\ExpreeJs\FundoNotes\node_modules\express\lib\router\layer.js:71:5)
    at trim_prefix (C:\Users\admin\Desktop\ExpreeJs\FundoNotes\node_modules\express\lib\router\index.js:326:13)
    at C:\Users\admin\Desktop\ExpreeJs\FundoNotes\node_modules\express\lib\router\index.js:286:9
    at Function.process_params (C:\Users\admin\Desktop\ExpreeJs\FundoNotes\node_modules\express\lib\router\index.js:346:12)
    at Immediate.next (C:\Users\admin\Desktop\ExpreeJs\FundoNotes\node_modules\express\lib\router\index.js:280:10)
    at Immediate._onImmediate (C:\Users\admin\Desktop\ExpreeJs\FundoNotes\node_modules\express\lib\router\index.js:646:15)
    at processImmediate (node:internal/timers:485:21) 
    url - /api/v1/users/register 
    method - POST 
    IP - ::1
   {"timestamp":"2024-10-17T03:59:49.033Z"}
info: Server started at http://localhost:3000/api/v1/ {"timestamp":"2024-10-17T04:00:04.993Z"}
info: Connected to the database. {"timestamp":"2024-10-17T04:00:05.075Z"}
error: 
      status - 11000
      message - E11000 duplicate key error collection: FundoNote.users index: email_1 dup key: { email: null } 
      url - /api/v1/users/register 
      method - POST 
      IP - ::1
     {"timestamp":"2024-10-17T04:00:17.870Z"}
error: 
    status - 500 
    message - RangeError: Invalid status code: 11000
    at ServerResponse.writeHead (node:_http_server:352:11)
    at ServerResponse.writeHead (C:\Users\admin\Desktop\ExpreeJs\FundoNotes\node_modules\on-headers\index.js:44:26)
    at ServerResponse._implicitHeader (node:_http_server:338:8)
    at write_ (node:_http_outgoing:945:9)
    at ServerResponse.end (node:_http_outgoing:1056:5)
    at ServerResponse.send (C:\Users\admin\Desktop\ExpreeJs\FundoNotes\node_modules\express\lib\response.js:232:10)
    at ServerResponse.json (C:\Users\admin\Desktop\ExpreeJs\FundoNotes\node_modules\express\lib\response.js:278:15)
    at appErrorHandler (C:\Users\admin\Desktop\ExpreeJs\FundoNotes\src\middlewares\/error.middleware.js:36:26)
    at Layer.handle_error (C:\Users\admin\Desktop\ExpreeJs\FundoNotes\node_modules\express\lib\router\layer.js:71:5)
    at trim_prefix (C:\Users\admin\Desktop\ExpreeJs\FundoNotes\node_modules\express\lib\router\index.js:326:13)
    at C:\Users\admin\Desktop\ExpreeJs\FundoNotes\node_modules\express\lib\router\index.js:286:9
    at Function.process_params (C:\Users\admin\Desktop\ExpreeJs\FundoNotes\node_modules\express\lib\router\index.js:346:12)
    at Immediate.next (C:\Users\admin\Desktop\ExpreeJs\FundoNotes\node_modules\express\lib\router\index.js:280:10)
    at Immediate._onImmediate (C:\Users\admin\Desktop\ExpreeJs\FundoNotes\node_modules\express\lib\router\index.js:646:15)
    at processImmediate (node:internal/timers:485:21) 
    url - /api/v1/users/register 
    method - POST 
    IP - ::1
   {"timestamp":"2024-10-17T04:00:17.887Z"}
info: Server started at http://localhost:3000/api/v1/ {"timestamp":"2024-10-17T04:01:27.152Z"}
info: Connected to the database. {"timestamp":"2024-10-17T04:01:27.229Z"}
error: 
      status - 11000
      message - E11000 duplicate key error collection: FundoNote.users index: email_1 dup key: { email: null } 
      url - /api/v1/users/register 
      method - POST 
      IP - ::1
     {"timestamp":"2024-10-17T04:01:48.284Z"}
error: 
    status - 500 
    message - RangeError: Invalid status code: 11000
    at ServerResponse.writeHead (node:_http_server:352:11)
    at ServerResponse.writeHead (C:\Users\admin\Desktop\ExpreeJs\FundoNotes\node_modules\on-headers\index.js:44:26)
    at ServerResponse._implicitHeader (node:_http_server:338:8)
    at write_ (node:_http_outgoing:945:9)
    at ServerResponse.end (node:_http_outgoing:1056:5)
    at ServerResponse.send (C:\Users\admin\Desktop\ExpreeJs\FundoNotes\node_modules\express\lib\response.js:232:10)
    at ServerResponse.json (C:\Users\admin\Desktop\ExpreeJs\FundoNotes\node_modules\express\lib\response.js:278:15)
    at appErrorHandler (C:\Users\admin\Desktop\ExpreeJs\FundoNotes\src\middlewares\/error.middleware.js:36:26)
    at Layer.handle_error (C:\Users\admin\Desktop\ExpreeJs\FundoNotes\node_modules\express\lib\router\layer.js:71:5)
    at trim_prefix (C:\Users\admin\Desktop\ExpreeJs\FundoNotes\node_modules\express\lib\router\index.js:326:13)
    at C:\Users\admin\Desktop\ExpreeJs\FundoNotes\node_modules\express\lib\router\index.js:286:9
    at Function.process_params (C:\Users\admin\Desktop\ExpreeJs\FundoNotes\node_modules\express\lib\router\index.js:346:12)
    at Immediate.next (C:\Users\admin\Desktop\ExpreeJs\FundoNotes\node_modules\express\lib\router\index.js:280:10)
    at Immediate._onImmediate (C:\Users\admin\Desktop\ExpreeJs\FundoNotes\node_modules\express\lib\router\index.js:646:15)
    at processImmediate (node:internal/timers:485:21) 
    url - /api/v1/users/register 
    method - POST 
    IP - ::1
   {"timestamp":"2024-10-17T04:01:48.302Z"}
info: Server started at http://localhost:3000/api/v1/ {"timestamp":"2024-10-17T06:09:44.861Z"}
info: Connected to the database. {"timestamp":"2024-10-17T06:09:44.970Z"}
error: 
      status - 11000
      message - E11000 duplicate key error collection: FundoNote.users index: email_1 dup key: { email: null } 
      url - /api/v1/users/register 
      method - POST 
      IP - ::1
     {"timestamp":"2024-10-17T06:10:22.111Z"}
error: 
    status - 500 
    message - RangeError: Invalid status code: 11000
    at ServerResponse.writeHead (node:_http_server:352:11)
    at ServerResponse.writeHead (C:\Users\admin\Desktop\ExpreeJs\FundoNotes\node_modules\on-headers\index.js:44:26)
    at ServerResponse._implicitHeader (node:_http_server:338:8)
    at write_ (node:_http_outgoing:945:9)
    at ServerResponse.end (node:_http_outgoing:1056:5)
    at ServerResponse.send (C:\Users\admin\Desktop\ExpreeJs\FundoNotes\node_modules\express\lib\response.js:232:10)
    at ServerResponse.json (C:\Users\admin\Desktop\ExpreeJs\FundoNotes\node_modules\express\lib\response.js:278:15)
    at appErrorHandler (C:\Users\admin\Desktop\ExpreeJs\FundoNotes\src\middlewares\/error.middleware.js:36:26)
    at Layer.handle_error (C:\Users\admin\Desktop\ExpreeJs\FundoNotes\node_modules\express\lib\router\layer.js:71:5)
    at trim_prefix (C:\Users\admin\Desktop\ExpreeJs\FundoNotes\node_modules\express\lib\router\index.js:326:13)
    at C:\Users\admin\Desktop\ExpreeJs\FundoNotes\node_modules\express\lib\router\index.js:286:9
    at Function.process_params (C:\Users\admin\Desktop\ExpreeJs\FundoNotes\node_modules\express\lib\router\index.js:346:12)
    at Immediate.next (C:\Users\admin\Desktop\ExpreeJs\FundoNotes\node_modules\express\lib\router\index.js:280:10)
    at Immediate._onImmediate (C:\Users\admin\Desktop\ExpreeJs\FundoNotes\node_modules\express\lib\router\index.js:646:15)
    at processImmediate (node:internal/timers:485:21) 
    url - /api/v1/users/register 
    method - POST 
    IP - ::1
   {"timestamp":"2024-10-17T06:10:22.126Z"}
