error: uncaughtException: Cannot read properties of undefined (reading 'method')
TypeError: Cannot read properties of undefined (reading 'method')
    at Function.handle (C:\Users\admin\Desktop\ExpreeJs\FundoNotes\node_modules\express\lib\router\index.js:139:34)
    at router (C:\Users\admin\Desktop\ExpreeJs\FundoNotes\node_modules\express\lib\router\index.js:47:12)
    at Object.<anonymous> (C:\Users\admin\Desktop\ExpreeJs\FundoNotes\src\/index.js:32:38)
    at Module._compile (node:internal/modules/cjs/loader:1469:14)
    at Module._compile (C:\Users\admin\Desktop\ExpreeJs\FundoNotes\node_modules\pirates\lib\index.js:117:24)
    at Module._extensions..js (node:internal/modules/cjs/loader:1548:10)
    at Object.newLoader [as .js] (C:\Users\admin\Desktop\ExpreeJs\FundoNotes\node_modules\pirates\lib\index.js:121:7)
    at Module.load (node:internal/modules/cjs/loader:1288:32)
    at Function.Module._load (node:internal/modules/cjs/loader:1104:12)
    at Function.runMain (node:internal/modules/run_main:174:12)
    at Object.<anonymous> (C:\Users\admin\Desktop\ExpreeJs\FundoNotes\node_modules\@babel\node\src\_babel-node.ts:159:12)
    at Module._compile (node:internal/modules/cjs/loader:1469:14)
    at Object.Module._extensions..js (node:internal/modules/cjs/loader:1548:10)
    at Module.load (node:internal/modules/cjs/loader:1288:32)
    at Function.Module._load (node:internal/modules/cjs/loader:1104:12)
    at Function.executeUserEntryPoint [as runMain] (node:internal/modules/run_main:174:12)
    at node:internal/main/run_main_module:28:49 {"date":"Wed Oct 16 2024 16:24:50 GMT+0530 (India Standard Time)","error":{},"exception":true,"os":{"loadavg":[0,0,0],"uptime":185887.015},"process":{"argv":["node","C:\\Users\\admin\\Desktop\\ExpreeJs\\FundoNotes\\src\\index.js"],"cwd":"C:\\Users\\admin\\Desktop\\ExpreeJs\\FundoNotes","execPath":"C:\\Program Files\\nodejs\\node.exe","gid":null,"memoryUsage":{"arrayBuffers":18307599,"external":21297278,"heapTotal":79417344,"heapUsed":51933488,"rss":116183040},"pid":10380,"uid":null,"version":"v20.17.0"},"stack":"TypeError: Cannot read properties of undefined (reading 'method')\n    at Function.handle (C:\\Users\\admin\\Desktop\\ExpreeJs\\FundoNotes\\node_modules\\express\\lib\\router\\index.js:139:34)\n    at router (C:\\Users\\admin\\Desktop\\ExpreeJs\\FundoNotes\\node_modules\\express\\lib\\router\\index.js:47:12)\n    at Object.<anonymous> (C:\\Users\\admin\\Desktop\\ExpreeJs\\FundoNotes\\src\\/index.js:32:38)\n    at Module._compile (node:internal/modules/cjs/loader:1469:14)\n    at Module._compile (C:\\Users\\admin\\Desktop\\ExpreeJs\\FundoNotes\\node_modules\\pirates\\lib\\index.js:117:24)\n    at Module._extensions..js (node:internal/modules/cjs/loader:1548:10)\n    at Object.newLoader [as .js] (C:\\Users\\admin\\Desktop\\ExpreeJs\\FundoNotes\\node_modules\\pirates\\lib\\index.js:121:7)\n    at Module.load (node:internal/modules/cjs/loader:1288:32)\n    at Function.Module._load (node:internal/modules/cjs/loader:1104:12)\n    at Function.runMain (node:internal/modules/run_main:174:12)\n    at Object.<anonymous> (C:\\Users\\admin\\Desktop\\ExpreeJs\\FundoNotes\\node_modules\\@babel\\node\\src\\_babel-node.ts:159:12)\n    at Module._compile (node:internal/modules/cjs/loader:1469:14)\n    at Object.Module._extensions..js (node:internal/modules/cjs/loader:1548:10)\n    at Module.load (node:internal/modules/cjs/loader:1288:32)\n    at Function.Module._load (node:internal/modules/cjs/loader:1104:12)\n    at Function.executeUserEntryPoint [as runMain] (node:internal/modules/run_main:174:12)\n    at node:internal/main/run_main_module:28:49","trace":[{"column":34,"file":"C:\\Users\\admin\\Desktop\\ExpreeJs\\FundoNotes\\node_modules\\express\\lib\\router\\index.js","function":"Function.handle","line":139,"method":"handle","native":false},{"column":12,"file":"C:\\Users\\admin\\Desktop\\ExpreeJs\\FundoNotes\\node_modules\\express\\lib\\router\\index.js","function":"router","line":47,"method":null,"native":false},{"column":38,"file":"C:\\Users\\admin\\Desktop\\ExpreeJs\\FundoNotes\\src\\/index.js","function":null,"line":32,"method":null,"native":false},{"column":14,"file":"node:internal/modules/cjs/loader","function":"Module._compile","line":1469,"method":"_compile","native":false},{"column":24,"file":"C:\\Users\\admin\\Desktop\\ExpreeJs\\FundoNotes\\node_modules\\pirates\\lib\\index.js","function":"Module._compile","line":117,"method":"_compile","native":false},{"column":10,"file":"node:internal/modules/cjs/loader","function":"Module._extensions..js","line":1548,"method":".js","native":false},{"column":7,"file":"C:\\Users\\admin\\Desktop\\ExpreeJs\\FundoNotes\\node_modules\\pirates\\lib\\index.js","function":"Object.newLoader [as .js]","line":121,"method":"js]","native":false},{"column":32,"file":"node:internal/modules/cjs/loader","function":"Module.load","line":1288,"method":"load","native":false},{"column":12,"file":"node:internal/modules/cjs/loader","function":"Module._load","line":1104,"method":"_load","native":false},{"column":12,"file":"node:internal/modules/run_main","function":"Function.runMain","line":174,"method":"runMain","native":false},{"column":12,"file":"C:\\Users\\admin\\Desktop\\ExpreeJs\\FundoNotes\\node_modules\\@babel\\node\\src\\_babel-node.ts","function":null,"line":159,"method":null,"native":false},{"column":14,"file":"node:internal/modules/cjs/loader","function":"Module._compile","line":1469,"method":"_compile","native":false},{"column":10,"file":"node:internal/modules/cjs/loader","function":"Module._extensions..js","line":1548,"method":".js","native":false},{"column":32,"file":"node:internal/modules/cjs/loader","function":"Module.load","line":1288,"method":"load","native":false},{"column":12,"file":"node:internal/modules/cjs/loader","function":"Module._load","line":1104,"method":"_load","native":false},{"column":12,"file":"node:internal/modules/run_main","function":"Function.executeUserEntryPoint [as runMain]","line":174,"method":"executeUserEntryPoint [as runMain]","native":false},{"column":49,"file":"node:internal/main/run_main_module","function":null,"line":28,"method":null,"native":false}]}
error: uncaughtException: Cannot read properties of undefined (reading 'method')
TypeError: Cannot read properties of undefined (reading 'method')
    at Function.handle (C:\Users\admin\Desktop\ExpreeJs\FundoNotes\node_modules\express\lib\router\index.js:139:34)
    at router (C:\Users\admin\Desktop\ExpreeJs\FundoNotes\node_modules\express\lib\router\index.js:47:12)
    at Object.<anonymous> (C:\Users\admin\Desktop\ExpreeJs\FundoNotes\src\/index.js:32:38)
    at Module._compile (node:internal/modules/cjs/loader:1469:14)
    at Module._compile (C:\Users\admin\Desktop\ExpreeJs\FundoNotes\node_modules\pirates\lib\index.js:117:24)
    at Module._extensions..js (node:internal/modules/cjs/loader:1548:10)
    at Object.newLoader [as .js] (C:\Users\admin\Desktop\ExpreeJs\FundoNotes\node_modules\pirates\lib\index.js:121:7)
    at Module.load (node:internal/modules/cjs/loader:1288:32)
    at Function.Module._load (node:internal/modules/cjs/loader:1104:12)
    at Function.runMain (node:internal/modules/run_main:174:12)
    at Object.<anonymous> (C:\Users\admin\Desktop\ExpreeJs\FundoNotes\node_modules\@babel\node\src\_babel-node.ts:159:12)
    at Module._compile (node:internal/modules/cjs/loader:1469:14)
    at Object.Module._extensions..js (node:internal/modules/cjs/loader:1548:10)
    at Module.load (node:internal/modules/cjs/loader:1288:32)
    at Function.Module._load (node:internal/modules/cjs/loader:1104:12)
    at Function.executeUserEntryPoint [as runMain] (node:internal/modules/run_main:174:12)
    at node:internal/main/run_main_module:28:49 {"date":"Wed Oct 16 2024 16:25:24 GMT+0530 (India Standard Time)","error":{},"exception":true,"os":{"loadavg":[0,0,0],"uptime":185920.953},"process":{"argv":["node","C:\\Users\\admin\\Desktop\\ExpreeJs\\FundoNotes\\src\\index.js"],"cwd":"C:\\Users\\admin\\Desktop\\ExpreeJs\\FundoNotes","execPath":"C:\\Program Files\\nodejs\\node.exe","gid":null,"memoryUsage":{"arrayBuffers":18291221,"external":21280900,"heapTotal":78368768,"heapUsed":44198896,"rss":114655232},"pid":1940,"uid":null,"version":"v20.17.0"},"stack":"TypeError: Cannot read properties of undefined (reading 'method')\n    at Function.handle (C:\\Users\\admin\\Desktop\\ExpreeJs\\FundoNotes\\node_modules\\express\\lib\\router\\index.js:139:34)\n    at router (C:\\Users\\admin\\Desktop\\ExpreeJs\\FundoNotes\\node_modules\\express\\lib\\router\\index.js:47:12)\n    at Object.<anonymous> (C:\\Users\\admin\\Desktop\\ExpreeJs\\FundoNotes\\src\\/index.js:32:38)\n    at Module._compile (node:internal/modules/cjs/loader:1469:14)\n    at Module._compile (C:\\Users\\admin\\Desktop\\ExpreeJs\\FundoNotes\\node_modules\\pirates\\lib\\index.js:117:24)\n    at Module._extensions..js (node:internal/modules/cjs/loader:1548:10)\n    at Object.newLoader [as .js] (C:\\Users\\admin\\Desktop\\ExpreeJs\\FundoNotes\\node_modules\\pirates\\lib\\index.js:121:7)\n    at Module.load (node:internal/modules/cjs/loader:1288:32)\n    at Function.Module._load (node:internal/modules/cjs/loader:1104:12)\n    at Function.runMain (node:internal/modules/run_main:174:12)\n    at Object.<anonymous> (C:\\Users\\admin\\Desktop\\ExpreeJs\\FundoNotes\\node_modules\\@babel\\node\\src\\_babel-node.ts:159:12)\n    at Module._compile (node:internal/modules/cjs/loader:1469:14)\n    at Object.Module._extensions..js (node:internal/modules/cjs/loader:1548:10)\n    at Module.load (node:internal/modules/cjs/loader:1288:32)\n    at Function.Module._load (node:internal/modules/cjs/loader:1104:12)\n    at Function.executeUserEntryPoint [as runMain] (node:internal/modules/run_main:174:12)\n    at node:internal/main/run_main_module:28:49","trace":[{"column":34,"file":"C:\\Users\\admin\\Desktop\\ExpreeJs\\FundoNotes\\node_modules\\express\\lib\\router\\index.js","function":"Function.handle","line":139,"method":"handle","native":false},{"column":12,"file":"C:\\Users\\admin\\Desktop\\ExpreeJs\\FundoNotes\\node_modules\\express\\lib\\router\\index.js","function":"router","line":47,"method":null,"native":false},{"column":38,"file":"C:\\Users\\admin\\Desktop\\ExpreeJs\\FundoNotes\\src\\/index.js","function":null,"line":32,"method":null,"native":false},{"column":14,"file":"node:internal/modules/cjs/loader","function":"Module._compile","line":1469,"method":"_compile","native":false},{"column":24,"file":"C:\\Users\\admin\\Desktop\\ExpreeJs\\FundoNotes\\node_modules\\pirates\\lib\\index.js","function":"Module._compile","line":117,"method":"_compile","native":false},{"column":10,"file":"node:internal/modules/cjs/loader","function":"Module._extensions..js","line":1548,"method":".js","native":false},{"column":7,"file":"C:\\Users\\admin\\Desktop\\ExpreeJs\\FundoNotes\\node_modules\\pirates\\lib\\index.js","function":"Object.newLoader [as .js]","line":121,"method":"js]","native":false},{"column":32,"file":"node:internal/modules/cjs/loader","function":"Module.load","line":1288,"method":"load","native":false},{"column":12,"file":"node:internal/modules/cjs/loader","function":"Module._load","line":1104,"method":"_load","native":false},{"column":12,"file":"node:internal/modules/run_main","function":"Function.runMain","line":174,"method":"runMain","native":false},{"column":12,"file":"C:\\Users\\admin\\Desktop\\ExpreeJs\\FundoNotes\\node_modules\\@babel\\node\\src\\_babel-node.ts","function":null,"line":159,"method":null,"native":false},{"column":14,"file":"node:internal/modules/cjs/loader","function":"Module._compile","line":1469,"method":"_compile","native":false},{"column":10,"file":"node:internal/modules/cjs/loader","function":"Module._extensions..js","line":1548,"method":".js","native":false},{"column":32,"file":"node:internal/modules/cjs/loader","function":"Module.load","line":1288,"method":"load","native":false},{"column":12,"file":"node:internal/modules/cjs/loader","function":"Module._load","line":1104,"method":"_load","native":false},{"column":12,"file":"node:internal/modules/run_main","function":"Function.executeUserEntryPoint [as runMain]","line":174,"method":"executeUserEntryPoint [as runMain]","native":false},{"column":49,"file":"node:internal/main/run_main_module","function":null,"line":28,"method":null,"native":false}]}
error: uncaughtException: Cannot read properties of undefined (reading 'method')
TypeError: Cannot read properties of undefined (reading 'method')
    at Function.handle (C:\Users\admin\Desktop\ExpreeJs\FundoNotes\node_modules\express\lib\router\index.js:139:34)
    at router (C:\Users\admin\Desktop\ExpreeJs\FundoNotes\node_modules\express\lib\router\index.js:47:12)
    at Object.<anonymous> (C:\Users\admin\Desktop\ExpreeJs\FundoNotes\src\/index.js:32:38)
    at Module._compile (node:internal/modules/cjs/loader:1469:14)
    at Module._compile (C:\Users\admin\Desktop\ExpreeJs\FundoNotes\node_modules\pirates\lib\index.js:117:24)
    at Module._extensions..js (node:internal/modules/cjs/loader:1548:10)
    at Object.newLoader [as .js] (C:\Users\admin\Desktop\ExpreeJs\FundoNotes\node_modules\pirates\lib\index.js:121:7)
    at Module.load (node:internal/modules/cjs/loader:1288:32)
    at Function.Module._load (node:internal/modules/cjs/loader:1104:12)
    at Function.runMain (node:internal/modules/run_main:174:12)
    at Object.<anonymous> (C:\Users\admin\Desktop\ExpreeJs\FundoNotes\node_modules\@babel\node\src\_babel-node.ts:159:12)
    at Module._compile (node:internal/modules/cjs/loader:1469:14)
    at Object.Module._extensions..js (node:internal/modules/cjs/loader:1548:10)
    at Module.load (node:internal/modules/cjs/loader:1288:32)
    at Function.Module._load (node:internal/modules/cjs/loader:1104:12)
    at Function.executeUserEntryPoint [as runMain] (node:internal/modules/run_main:174:12)
    at node:internal/main/run_main_module:28:49 {"date":"Wed Oct 16 2024 16:28:58 GMT+0530 (India Standard Time)","error":{},"exception":true,"os":{"loadavg":[0,0,0],"uptime":186135.109},"process":{"argv":["node","C:\\Users\\admin\\Desktop\\ExpreeJs\\FundoNotes\\src\\index.js"],"cwd":"C:\\Users\\admin\\Desktop\\ExpreeJs\\FundoNotes","execPath":"C:\\Program Files\\nodejs\\node.exe","gid":null,"memoryUsage":{"arrayBuffers":18291221,"external":21280900,"heapTotal":79155200,"heapUsed":43932120,"rss":115781632},"pid":8676,"uid":null,"version":"v20.17.0"},"stack":"TypeError: Cannot read properties of undefined (reading 'method')\n    at Function.handle (C:\\Users\\admin\\Desktop\\ExpreeJs\\FundoNotes\\node_modules\\express\\lib\\router\\index.js:139:34)\n    at router (C:\\Users\\admin\\Desktop\\ExpreeJs\\FundoNotes\\node_modules\\express\\lib\\router\\index.js:47:12)\n    at Object.<anonymous> (C:\\Users\\admin\\Desktop\\ExpreeJs\\FundoNotes\\src\\/index.js:32:38)\n    at Module._compile (node:internal/modules/cjs/loader:1469:14)\n    at Module._compile (C:\\Users\\admin\\Desktop\\ExpreeJs\\FundoNotes\\node_modules\\pirates\\lib\\index.js:117:24)\n    at Module._extensions..js (node:internal/modules/cjs/loader:1548:10)\n    at Object.newLoader [as .js] (C:\\Users\\admin\\Desktop\\ExpreeJs\\FundoNotes\\node_modules\\pirates\\lib\\index.js:121:7)\n    at Module.load (node:internal/modules/cjs/loader:1288:32)\n    at Function.Module._load (node:internal/modules/cjs/loader:1104:12)\n    at Function.runMain (node:internal/modules/run_main:174:12)\n    at Object.<anonymous> (C:\\Users\\admin\\Desktop\\ExpreeJs\\FundoNotes\\node_modules\\@babel\\node\\src\\_babel-node.ts:159:12)\n    at Module._compile (node:internal/modules/cjs/loader:1469:14)\n    at Object.Module._extensions..js (node:internal/modules/cjs/loader:1548:10)\n    at Module.load (node:internal/modules/cjs/loader:1288:32)\n    at Function.Module._load (node:internal/modules/cjs/loader:1104:12)\n    at Function.executeUserEntryPoint [as runMain] (node:internal/modules/run_main:174:12)\n    at node:internal/main/run_main_module:28:49","trace":[{"column":34,"file":"C:\\Users\\admin\\Desktop\\ExpreeJs\\FundoNotes\\node_modules\\express\\lib\\router\\index.js","function":"Function.handle","line":139,"method":"handle","native":false},{"column":12,"file":"C:\\Users\\admin\\Desktop\\ExpreeJs\\FundoNotes\\node_modules\\express\\lib\\router\\index.js","function":"router","line":47,"method":null,"native":false},{"column":38,"file":"C:\\Users\\admin\\Desktop\\ExpreeJs\\FundoNotes\\src\\/index.js","function":null,"line":32,"method":null,"native":false},{"column":14,"file":"node:internal/modules/cjs/loader","function":"Module._compile","line":1469,"method":"_compile","native":false},{"column":24,"file":"C:\\Users\\admin\\Desktop\\ExpreeJs\\FundoNotes\\node_modules\\pirates\\lib\\index.js","function":"Module._compile","line":117,"method":"_compile","native":false},{"column":10,"file":"node:internal/modules/cjs/loader","function":"Module._extensions..js","line":1548,"method":".js","native":false},{"column":7,"file":"C:\\Users\\admin\\Desktop\\ExpreeJs\\FundoNotes\\node_modules\\pirates\\lib\\index.js","function":"Object.newLoader [as .js]","line":121,"method":"js]","native":false},{"column":32,"file":"node:internal/modules/cjs/loader","function":"Module.load","line":1288,"method":"load","native":false},{"column":12,"file":"node:internal/modules/cjs/loader","function":"Module._load","line":1104,"method":"_load","native":false},{"column":12,"file":"node:internal/modules/run_main","function":"Function.runMain","line":174,"method":"runMain","native":false},{"column":12,"file":"C:\\Users\\admin\\Desktop\\ExpreeJs\\FundoNotes\\node_modules\\@babel\\node\\src\\_babel-node.ts","function":null,"line":159,"method":null,"native":false},{"column":14,"file":"node:internal/modules/cjs/loader","function":"Module._compile","line":1469,"method":"_compile","native":false},{"column":10,"file":"node:internal/modules/cjs/loader","function":"Module._extensions..js","line":1548,"method":".js","native":false},{"column":32,"file":"node:internal/modules/cjs/loader","function":"Module.load","line":1288,"method":"load","native":false},{"column":12,"file":"node:internal/modules/cjs/loader","function":"Module._load","line":1104,"method":"_load","native":false},{"column":12,"file":"node:internal/modules/run_main","function":"Function.executeUserEntryPoint [as runMain]","line":174,"method":"executeUserEntryPoint [as runMain]","native":false},{"column":49,"file":"node:internal/main/run_main_module","function":null,"line":28,"method":null,"native":false}]}
error: uncaughtException: Cannot read properties of undefined (reading 'method')
TypeError: Cannot read properties of undefined (reading 'method')
    at Function.handle (C:\Users\admin\Desktop\ExpreeJs\FundoNotes\node_modules\express\lib\router\index.js:139:34)
    at router (C:\Users\admin\Desktop\ExpreeJs\FundoNotes\node_modules\express\lib\router\index.js:47:12)
    at Object.<anonymous> (C:\Users\admin\Desktop\ExpreeJs\FundoNotes\src\/index.js:32:38)
    at Module._compile (node:internal/modules/cjs/loader:1469:14)
    at Module._compile (C:\Users\admin\Desktop\ExpreeJs\FundoNotes\node_modules\pirates\lib\index.js:117:24)
    at Module._extensions..js (node:internal/modules/cjs/loader:1548:10)
    at Object.newLoader [as .js] (C:\Users\admin\Desktop\ExpreeJs\FundoNotes\node_modules\pirates\lib\index.js:121:7)
    at Module.load (node:internal/modules/cjs/loader:1288:32)
    at Function.Module._load (node:internal/modules/cjs/loader:1104:12)
    at Function.runMain (node:internal/modules/run_main:174:12)
    at Object.<anonymous> (C:\Users\admin\Desktop\ExpreeJs\FundoNotes\node_modules\@babel\node\src\_babel-node.ts:159:12)
    at Module._compile (node:internal/modules/cjs/loader:1469:14)
    at Object.Module._extensions..js (node:internal/modules/cjs/loader:1548:10)
    at Module.load (node:internal/modules/cjs/loader:1288:32)
    at Function.Module._load (node:internal/modules/cjs/loader:1104:12)
    at Function.executeUserEntryPoint [as runMain] (node:internal/modules/run_main:174:12)
    at node:internal/main/run_main_module:28:49 {"date":"Wed Oct 16 2024 16:31:38 GMT+0530 (India Standard Time)","error":{},"exception":true,"os":{"loadavg":[0,0,0],"uptime":186294.734},"process":{"argv":["node","C:\\Users\\admin\\Desktop\\ExpreeJs\\FundoNotes\\src\\index.js"],"cwd":"C:\\Users\\admin\\Desktop\\ExpreeJs\\FundoNotes","execPath":"C:\\Program Files\\nodejs\\node.exe","gid":null,"memoryUsage":{"arrayBuffers":18291221,"external":21280900,"heapTotal":78106624,"heapUsed":42447016,"rss":113287168},"pid":5884,"uid":null,"version":"v20.17.0"},"stack":"TypeError: Cannot read properties of undefined (reading 'method')\n    at Function.handle (C:\\Users\\admin\\Desktop\\ExpreeJs\\FundoNotes\\node_modules\\express\\lib\\router\\index.js:139:34)\n    at router (C:\\Users\\admin\\Desktop\\ExpreeJs\\FundoNotes\\node_modules\\express\\lib\\router\\index.js:47:12)\n    at Object.<anonymous> (C:\\Users\\admin\\Desktop\\ExpreeJs\\FundoNotes\\src\\/index.js:32:38)\n    at Module._compile (node:internal/modules/cjs/loader:1469:14)\n    at Module._compile (C:\\Users\\admin\\Desktop\\ExpreeJs\\FundoNotes\\node_modules\\pirates\\lib\\index.js:117:24)\n    at Module._extensions..js (node:internal/modules/cjs/loader:1548:10)\n    at Object.newLoader [as .js] (C:\\Users\\admin\\Desktop\\ExpreeJs\\FundoNotes\\node_modules\\pirates\\lib\\index.js:121:7)\n    at Module.load (node:internal/modules/cjs/loader:1288:32)\n    at Function.Module._load (node:internal/modules/cjs/loader:1104:12)\n    at Function.runMain (node:internal/modules/run_main:174:12)\n    at Object.<anonymous> (C:\\Users\\admin\\Desktop\\ExpreeJs\\FundoNotes\\node_modules\\@babel\\node\\src\\_babel-node.ts:159:12)\n    at Module._compile (node:internal/modules/cjs/loader:1469:14)\n    at Object.Module._extensions..js (node:internal/modules/cjs/loader:1548:10)\n    at Module.load (node:internal/modules/cjs/loader:1288:32)\n    at Function.Module._load (node:internal/modules/cjs/loader:1104:12)\n    at Function.executeUserEntryPoint [as runMain] (node:internal/modules/run_main:174:12)\n    at node:internal/main/run_main_module:28:49","trace":[{"column":34,"file":"C:\\Users\\admin\\Desktop\\ExpreeJs\\FundoNotes\\node_modules\\express\\lib\\router\\index.js","function":"Function.handle","line":139,"method":"handle","native":false},{"column":12,"file":"C:\\Users\\admin\\Desktop\\ExpreeJs\\FundoNotes\\node_modules\\express\\lib\\router\\index.js","function":"router","line":47,"method":null,"native":false},{"column":38,"file":"C:\\Users\\admin\\Desktop\\ExpreeJs\\FundoNotes\\src\\/index.js","function":null,"line":32,"method":null,"native":false},{"column":14,"file":"node:internal/modules/cjs/loader","function":"Module._compile","line":1469,"method":"_compile","native":false},{"column":24,"file":"C:\\Users\\admin\\Desktop\\ExpreeJs\\FundoNotes\\node_modules\\pirates\\lib\\index.js","function":"Module._compile","line":117,"method":"_compile","native":false},{"column":10,"file":"node:internal/modules/cjs/loader","function":"Module._extensions..js","line":1548,"method":".js","native":false},{"column":7,"file":"C:\\Users\\admin\\Desktop\\ExpreeJs\\FundoNotes\\node_modules\\pirates\\lib\\index.js","function":"Object.newLoader [as .js]","line":121,"method":"js]","native":false},{"column":32,"file":"node:internal/modules/cjs/loader","function":"Module.load","line":1288,"method":"load","native":false},{"column":12,"file":"node:internal/modules/cjs/loader","function":"Module._load","line":1104,"method":"_load","native":false},{"column":12,"file":"node:internal/modules/run_main","function":"Function.runMain","line":174,"method":"runMain","native":false},{"column":12,"file":"C:\\Users\\admin\\Desktop\\ExpreeJs\\FundoNotes\\node_modules\\@babel\\node\\src\\_babel-node.ts","function":null,"line":159,"method":null,"native":false},{"column":14,"file":"node:internal/modules/cjs/loader","function":"Module._compile","line":1469,"method":"_compile","native":false},{"column":10,"file":"node:internal/modules/cjs/loader","function":"Module._extensions..js","line":1548,"method":".js","native":false},{"column":32,"file":"node:internal/modules/cjs/loader","function":"Module.load","line":1288,"method":"load","native":false},{"column":12,"file":"node:internal/modules/cjs/loader","function":"Module._load","line":1104,"method":"_load","native":false},{"column":12,"file":"node:internal/modules/run_main","function":"Function.executeUserEntryPoint [as runMain]","line":174,"method":"executeUserEntryPoint [as runMain]","native":false},{"column":49,"file":"node:internal/main/run_main_module","function":null,"line":28,"method":null,"native":false}]}
error: uncaughtException: Cannot read properties of undefined (reading 'method')
TypeError: Cannot read properties of undefined (reading 'method')
    at Function.handle (C:\Users\admin\Desktop\ExpreeJs\FundoNotes\node_modules\express\lib\router\index.js:139:34)
    at router (C:\Users\admin\Desktop\ExpreeJs\FundoNotes\node_modules\express\lib\router\index.js:47:12)
    at Object.<anonymous> (C:\Users\admin\Desktop\ExpreeJs\FundoNotes\src\/index.js:32:38)
    at Module._compile (node:internal/modules/cjs/loader:1469:14)
    at Module._compile (C:\Users\admin\Desktop\ExpreeJs\FundoNotes\node_modules\pirates\lib\index.js:117:24)
    at Module._extensions..js (node:internal/modules/cjs/loader:1548:10)
    at Object.newLoader [as .js] (C:\Users\admin\Desktop\ExpreeJs\FundoNotes\node_modules\pirates\lib\index.js:121:7)
    at Module.load (node:internal/modules/cjs/loader:1288:32)
    at Function.Module._load (node:internal/modules/cjs/loader:1104:12)
    at Function.runMain (node:internal/modules/run_main:174:12)
    at Object.<anonymous> (C:\Users\admin\Desktop\ExpreeJs\FundoNotes\node_modules\@babel\node\src\_babel-node.ts:159:12)
    at Module._compile (node:internal/modules/cjs/loader:1469:14)
    at Object.Module._extensions..js (node:internal/modules/cjs/loader:1548:10)
    at Module.load (node:internal/modules/cjs/loader:1288:32)
    at Function.Module._load (node:internal/modules/cjs/loader:1104:12)
    at Function.executeUserEntryPoint [as runMain] (node:internal/modules/run_main:174:12)
    at node:internal/main/run_main_module:28:49 {"date":"Wed Oct 16 2024 16:33:46 GMT+0530 (India Standard Time)","error":{},"exception":true,"os":{"loadavg":[0,0,0],"uptime":186423.343},"process":{"argv":["node","C:\\Users\\admin\\Desktop\\ExpreeJs\\FundoNotes\\src\\index.js"],"cwd":"C:\\Users\\admin\\Desktop\\ExpreeJs\\FundoNotes","execPath":"C:\\Program Files\\nodejs\\node.exe","gid":null,"memoryUsage":{"arrayBuffers":18283031,"external":21272710,"heapTotal":76795904,"heapUsed":54650352,"rss":112082944},"pid":13524,"uid":null,"version":"v20.17.0"},"stack":"TypeError: Cannot read properties of undefined (reading 'method')\n    at Function.handle (C:\\Users\\admin\\Desktop\\ExpreeJs\\FundoNotes\\node_modules\\express\\lib\\router\\index.js:139:34)\n    at router (C:\\Users\\admin\\Desktop\\ExpreeJs\\FundoNotes\\node_modules\\express\\lib\\router\\index.js:47:12)\n    at Object.<anonymous> (C:\\Users\\admin\\Desktop\\ExpreeJs\\FundoNotes\\src\\/index.js:32:38)\n    at Module._compile (node:internal/modules/cjs/loader:1469:14)\n    at Module._compile (C:\\Users\\admin\\Desktop\\ExpreeJs\\FundoNotes\\node_modules\\pirates\\lib\\index.js:117:24)\n    at Module._extensions..js (node:internal/modules/cjs/loader:1548:10)\n    at Object.newLoader [as .js] (C:\\Users\\admin\\Desktop\\ExpreeJs\\FundoNotes\\node_modules\\pirates\\lib\\index.js:121:7)\n    at Module.load (node:internal/modules/cjs/loader:1288:32)\n    at Function.Module._load (node:internal/modules/cjs/loader:1104:12)\n    at Function.runMain (node:internal/modules/run_main:174:12)\n    at Object.<anonymous> (C:\\Users\\admin\\Desktop\\ExpreeJs\\FundoNotes\\node_modules\\@babel\\node\\src\\_babel-node.ts:159:12)\n    at Module._compile (node:internal/modules/cjs/loader:1469:14)\n    at Object.Module._extensions..js (node:internal/modules/cjs/loader:1548:10)\n    at Module.load (node:internal/modules/cjs/loader:1288:32)\n    at Function.Module._load (node:internal/modules/cjs/loader:1104:12)\n    at Function.executeUserEntryPoint [as runMain] (node:internal/modules/run_main:174:12)\n    at node:internal/main/run_main_module:28:49","trace":[{"column":34,"file":"C:\\Users\\admin\\Desktop\\ExpreeJs\\FundoNotes\\node_modules\\express\\lib\\router\\index.js","function":"Function.handle","line":139,"method":"handle","native":false},{"column":12,"file":"C:\\Users\\admin\\Desktop\\ExpreeJs\\FundoNotes\\node_modules\\express\\lib\\router\\index.js","function":"router","line":47,"method":null,"native":false},{"column":38,"file":"C:\\Users\\admin\\Desktop\\ExpreeJs\\FundoNotes\\src\\/index.js","function":null,"line":32,"method":null,"native":false},{"column":14,"file":"node:internal/modules/cjs/loader","function":"Module._compile","line":1469,"method":"_compile","native":false},{"column":24,"file":"C:\\Users\\admin\\Desktop\\ExpreeJs\\FundoNotes\\node_modules\\pirates\\lib\\index.js","function":"Module._compile","line":117,"method":"_compile","native":false},{"column":10,"file":"node:internal/modules/cjs/loader","function":"Module._extensions..js","line":1548,"method":".js","native":false},{"column":7,"file":"C:\\Users\\admin\\Desktop\\ExpreeJs\\FundoNotes\\node_modules\\pirates\\lib\\index.js","function":"Object.newLoader [as .js]","line":121,"method":"js]","native":false},{"column":32,"file":"node:internal/modules/cjs/loader","function":"Module.load","line":1288,"method":"load","native":false},{"column":12,"file":"node:internal/modules/cjs/loader","function":"Module._load","line":1104,"method":"_load","native":false},{"column":12,"file":"node:internal/modules/run_main","function":"Function.runMain","line":174,"method":"runMain","native":false},{"column":12,"file":"C:\\Users\\admin\\Desktop\\ExpreeJs\\FundoNotes\\node_modules\\@babel\\node\\src\\_babel-node.ts","function":null,"line":159,"method":null,"native":false},{"column":14,"file":"node:internal/modules/cjs/loader","function":"Module._compile","line":1469,"method":"_compile","native":false},{"column":10,"file":"node:internal/modules/cjs/loader","function":"Module._extensions..js","line":1548,"method":".js","native":false},{"column":32,"file":"node:internal/modules/cjs/loader","function":"Module.load","line":1288,"method":"load","native":false},{"column":12,"file":"node:internal/modules/cjs/loader","function":"Module._load","line":1104,"method":"_load","native":false},{"column":12,"file":"node:internal/modules/run_main","function":"Function.executeUserEntryPoint [as runMain]","line":174,"method":"executeUserEntryPoint [as runMain]","native":false},{"column":49,"file":"node:internal/main/run_main_module","function":null,"line":28,"method":null,"native":false}]}
info: ::1 - - [17/Oct/2024:03:30:22 +0000] "POST /api/v1/register HTTP/1.1" 404 47 "-" "PostmanRuntime/7.42.0"

info: ::1 - - [17/Oct/2024:03:33:12 +0000] "POST /api/v1/register HTTP/1.1" 500 217 "-" "PostmanRuntime/7.42.0"

info: ::1 - - [17/Oct/2024:03:34:44 +0000] "POST /api/v1/register HTTP/1.1" 201 265 "-" "PostmanRuntime/7.42.0"

info: ::1 - - [17/Oct/2024:03:34:56 +0000] "POST /api/v1/login HTTP/1.1" 200 30 "-" "PostmanRuntime/7.42.0"

info: ::1 - - [17/Oct/2024:03:51:02 +0000] "POST /api/v1/login HTTP/1.1" 401 28 "-" "PostmanRuntime/7.42.0"

info: ::1 - - [17/Oct/2024:03:51:13 +0000] "POST /api/v1/register HTTP/1.1" 500 61 "-" "PostmanRuntime/7.42.0"

info: ::1 - - [17/Oct/2024:03:51:24 +0000] "POST /api/v1/ragister HTTP/1.1" 404 47 "-" "PostmanRuntime/7.42.0"

info: ::1 - - [17/Oct/2024:03:51:41 +0000] "POST /api/v1/registar HTTP/1.1" 404 47 "-" "PostmanRuntime/7.42.0"

info: ::1 - - [17/Oct/2024:03:52:14 +0000] "POST /api/v1/register HTTP/1.1" 500 61 "-" "PostmanRuntime/7.42.0"

info: ::1 - - [17/Oct/2024:03:52:48 +0000] "POST /api/v1/login HTTP/1.1" 401 28 "-" "PostmanRuntime/7.42.0"

info: ::1 - - [17/Oct/2024:03:52:58 +0000] "POST /api/v1/register HTTP/1.1" 500 61 "-" "PostmanRuntime/7.42.0"

info: ::1 - - [17/Oct/2024:03:54:00 +0000] "POST /api/v1/register HTTP/1.1" 500 61 "-" "PostmanRuntime/7.42.0"

info: ::1 - - [17/Oct/2024:03:55:44 +0000] "POST /api/v1/login HTTP/1.1" 401 28 "-" "PostmanRuntime/7.42.0"

info: ::1 - - [17/Oct/2024:03:56:29 +0000] "POST /api/v1/user/login HTTP/1.1" 401 28 "-" "PostmanRuntime/7.42.0"

info: ::1 - - [17/Oct/2024:03:56:39 +0000] "POST /api/v1/user/register HTTP/1.1" 500 61 "-" "PostmanRuntime/7.42.0"

info: ::1 - - [17/Oct/2024:03:57:07 +0000] "POST /api/v1/user/register HTTP/1.1" 500 61 "-" "PostmanRuntime/7.42.0"

info: ::1 - - [17/Oct/2024:03:58:53 +0000] "POST /api/v1/users/register HTTP/1.1" 500 61 "-" "PostmanRuntime/7.42.0"

info: ::1 - - [17/Oct/2024:03:59:49 +0000] "POST /api/v1/users/register HTTP/1.1" 500 61 "-" "PostmanRuntime/7.42.0"

info: ::1 - - [17/Oct/2024:04:00:17 +0000] "POST /api/v1/users/register HTTP/1.1" 500 61 "-" "PostmanRuntime/7.42.0"

info: ::1 - - [17/Oct/2024:04:01:38 +0000] "POST /api/v1/users/login HTTP/1.1" 401 28 "-" "PostmanRuntime/7.42.0"

info: ::1 - - [17/Oct/2024:04:01:48 +0000] "POST /api/v1/users/register HTTP/1.1" 500 61 "-" "PostmanRuntime/7.42.0"

info: ::1 - - [17/Oct/2024:04:02:33 +0000] "POST /api/v1/register HTTP/1.1" 404 47 "-" "PostmanRuntime/7.42.0"

info: ::1 - - [17/Oct/2024:04:02:42 +0000] "POST /api/v1/login HTTP/1.1" 404 47 "-" "PostmanRuntime/7.42.0"

info: ::1 - - [17/Oct/2024:04:02:49 +0000] "POST /api/v1/ HTTP/1.1" 404 47 "-" "PostmanRuntime/7.42.0"

info: ::1 - - [17/Oct/2024:04:03:26 +0000] "GET /api/v1/ HTTP/1.1" 200 22 "-" "PostmanRuntime/7.42.0"

info: ::1 - - [17/Oct/2024:04:03:59 +0000] "GET /api/v1/users/login HTTP/1.1" 404 47 "-" "PostmanRuntime/7.42.0"

info: ::1 - - [17/Oct/2024:06:10:05 +0000] "POST /api/v1/users/login HTTP/1.1" 401 28 "-" "PostmanRuntime/7.42.0"

info: ::1 - - [17/Oct/2024:06:10:22 +0000] "POST /api/v1/users/register HTTP/1.1" 500 61 "-" "PostmanRuntime/7.42.0"

info: ::1 - - [17/Oct/2024:06:14:40 +0000] "POST /api/v1/users/register HTTP/1.1" 201 268 "-" "PostmanRuntime/7.42.0"

info: ::1 - - [17/Oct/2024:06:14:56 +0000] "POST /api/v1/users/login HTTP/1.1" 200 30 "-" "PostmanRuntime/7.42.0"

info: ::1 - - [17/Oct/2024:06:15:16 +0000] "GET /api/v1/users/ HTTP/1.1" 404 47 "-" "PostmanRuntime/7.42.0"

info: ::1 - - [17/Oct/2024:06:15:22 +0000] "GET /api/v1/ HTTP/1.1" 200 22 "-" "PostmanRuntime/7.42.0"

